<?xml version="1.0" encoding="UTF-8"?>
<coverage generated="1788241103313" clover="3.2.0">
  <project timestamp="1788241103313" name="All files">
    <metrics statements="454" coveredstatements="444" conditionals="255" coveredconditionals="225" methods="72" coveredmethods="68" elements="781" coveredelements="737" complexity="0" loc="454" ncloc="454" packages="3" files="6" classes="6"/>
    <package name="components">
      <metrics statements="396" coveredstatements="386" conditionals="215" coveredconditionals="196" methods="55" coveredmethods="51"/>
      <file name="AiPlayer.ts" path="/app/src/components/AiPlayer.ts">
        <metrics statements="221" coveredstatements="212" conditionals="124" coveredconditionals="110" methods="30" coveredmethods="26"/>
        <line num="5" count="1" type="stmt"/>
        <line num="8" count="1" type="stmt"/>
        <line num="10" count="1" type="stmt"/>
        <line num="15" count="52" type="stmt"/>
        <line num="18" count="845730" type="stmt"/>
        <line num="21" count="97422" type="stmt"/>
        <line num="24" count="1882" type="stmt"/>
        <line num="30" count="52" type="stmt"/>
        <line num="31" count="52" type="stmt"/>
        <line num="33" count="52" type="stmt"/>
        <line num="36" count="97422" type="stmt"/>
        <line num="39" count="97422" type="stmt"/>
        <line num="42" count="99304" type="stmt"/>
        <line num="45" count="1882" type="stmt"/>
        <line num="46" count="1882" type="stmt"/>
        <line num="50" count="1" type="stmt"/>
        <line num="51" count="26" type="stmt"/>
        <line num="52" count="26" type="stmt"/>
        <line num="53" count="26" type="stmt"/>
        <line num="54" count="26" type="stmt"/>
        <line num="55" count="26" type="stmt"/>
        <line num="56" count="26" type="stmt"/>
        <line num="57" count="26" type="stmt"/>
        <line num="58" count="26" type="stmt"/>
        <line num="59" count="26" type="stmt"/>
        <line num="60" count="26" type="stmt"/>
        <line num="61" count="26" type="stmt"/>
        <line num="62" count="26" type="stmt"/>
        <line num="63" count="26" type="stmt"/>
        <line num="66" count="941" type="cond" truecount="2" falsecount="0"/>
        <line num="69" count="941" type="stmt"/>
        <line num="70" count="941" type="stmt"/>
        <line num="71" count="941" type="stmt"/>
        <line num="72" count="941" type="stmt"/>
        <line num="75" count="941" type="stmt"/>
        <line num="76" count="7528" type="stmt"/>
        <line num="77" count="60224" type="stmt"/>
        <line num="78" count="60224" type="cond" truecount="2" falsecount="0"/>
        <line num="79" count="949" type="stmt"/>
        <line num="80" count="949" type="stmt"/>
        <line num="81" count="59275" type="cond" truecount="2" falsecount="0"/>
        <line num="82" count="610" type="stmt"/>
        <line num="83" count="610" type="stmt"/>
        <line num="89" count="941" type="stmt"/>
        <line num="90" count="1882" type="stmt"/>
        <line num="91" count="97422" type="stmt"/>
        <line num="92" count="97422" type="stmt"/>
        <line num="93" count="97422" type="stmt"/>
        <line num="94" count="97422" type="stmt"/>
        <line num="96" count="97422" type="stmt"/>
        <line num="97" count="292266" type="stmt"/>
        <line num="98" count="876798" type="cond" truecount="4" falsecount="0"/>
        <line num="99" count="779376" type="stmt"/>
        <line num="100" count="779376" type="stmt"/>
        <line num="102" count="779376" type="cond" truecount="6" falsecount="0"/>
        <line num="104" count="639124" type="cond" truecount="2" falsecount="0"/>
        <line num="106" count="630978" type="cond" truecount="2" falsecount="0"/>
        <line num="107" count="95863" type="stmt"/>
        <line num="108" count="95863" type="stmt"/>
        <line num="117" count="941" type="stmt"/>
        <line num="118" count="941" type="stmt"/>
        <line num="120" count="941" type="stmt"/>
        <line num="121" count="941" type="stmt"/>
        <line num="123" count="941" type="stmt"/>
        <line num="124" count="7528" type="stmt"/>
        <line num="125" count="60224" type="cond" truecount="2" falsecount="0"/>
        <line num="126" count="58665" type="stmt"/>
        <line num="127" count="58665" type="stmt"/>
        <line num="130" count="58665" type="stmt"/>
        <line num="131" count="58665" type="cond" truecount="4" falsecount="0"/>
        <line num="132" count="64" type="stmt"/>
        <line num="133" count="58601" type="cond" truecount="2" falsecount="0"/>
        <line num="134" count="8" type="stmt"/>
        <line num="135" count="58593" type="cond" truecount="2" falsecount="0"/>
        <line num="136" count="21331" type="stmt"/>
        <line num="138" count="37262" type="stmt"/>
        <line num="141" count="58665" type="stmt"/>
        <line num="143" count="58665" type="cond" truecount="2" falsecount="0"/>
        <line num="144" count="40067" type="stmt"/>
        <line num="145" count="40067" type="stmt"/>
        <line num="151" count="941" type="cond" truecount="2" falsecount="0"/>
        <line num="152" count="35" type="stmt"/>
        <line num="155" count="906" type="stmt"/>
        <line num="159" count="27" type="stmt"/>
        <line num="163" count="6" type="stmt"/>
        <line num="167" count="5" type="stmt"/>
        <line num="171" count="0" type="stmt"/>
        <line num="175" count="0" type="stmt"/>
        <line num="179" count="0" type="stmt"/>
        <line num="183" count="380" type="cond" truecount="1" falsecount="1"/>
        <line num="184" count="0" type="stmt"/>
        <line num="187" count="380" type="cond" truecount="4" falsecount="0"/>
        <line num="189" count="11" type="stmt"/>
        <line num="190" count="588" type="stmt"/>
        <line num="191" count="588" type="cond" truecount="3" falsecount="1"/>
        <line num="192" count="588" type="stmt"/>
        <line num="193" count="588" type="stmt"/>
        <line num="198" count="11" type="stmt"/>
        <line num="199" count="1916" type="cond" truecount="1" falsecount="1"/>
        <line num="200" count="1916" type="cond" truecount="1" falsecount="1"/>
        <line num="201" count="1916" type="stmt"/>
        <line num="204" count="11" type="cond" truecount="4" falsecount="0"/>
        <line num="205" count="6" type="stmt"/>
        <line num="206" count="6" type="cond" truecount="1" falsecount="1"/>
        <line num="207" count="6" type="stmt"/>
        <line num="208" count="6" type="stmt"/>
        <line num="209" count="6" type="stmt"/>
        <line num="210" count="176" type="stmt"/>
        <line num="211" count="176" type="cond" truecount="2" falsecount="0"/>
        <line num="212" count="142" type="cond" truecount="2" falsecount="0"/>
        <line num="213" count="6" type="stmt"/>
        <line num="215" count="142" type="stmt"/>
        <line num="216" count="34" type="cond" truecount="4" falsecount="0"/>
        <line num="217" count="3" type="stmt"/>
        <line num="221" count="6" type="stmt"/>
        <line num="222" count="6" type="stmt"/>
        <line num="224" count="6" type="cond" truecount="2" falsecount="0"/>
        <line num="226" count="3" type="stmt"/>
        <line num="228" count="3" type="stmt"/>
        <line num="229" count="135" type="stmt"/>
        <line num="230" count="135" type="stmt"/>
        <line num="234" count="3" type="stmt"/>
        <line num="243" count="6" type="stmt"/>
        <line num="246" count="11" type="stmt"/>
        <line num="249" count="380" type="stmt"/>
        <line num="251" count="380" type="cond" truecount="4" falsecount="0"/>
        <line num="252" count="311" type="stmt"/>
        <line num="253" count="69" type="cond" truecount="1" falsecount="1"/>
        <line num="254" count="69" type="stmt"/>
        <line num="255" count="69" type="cond" truecount="1" falsecount="1"/>
        <line num="257" count="69" type="stmt"/>
        <line num="258" count="2027" type="cond" truecount="2" falsecount="0"/>
        <line num="259" count="2022" type="stmt"/>
        <line num="262" count="5" type="stmt"/>
        <line num="267" count="69" type="stmt"/>
        <line num="270" count="380" type="stmt"/>
        <line num="271" count="380" type="cond" truecount="1" falsecount="1"/>
        <line num="272" count="380" type="stmt"/>
        <line num="275" count="380" type="cond" truecount="1" falsecount="1"/>
        <line num="276" count="380" type="cond" truecount="1" falsecount="1"/>
        <line num="277" count="0" type="stmt"/>
        <line num="280" count="380" type="stmt"/>
        <line num="282" count="380" type="stmt"/>
        <line num="289" count="23302" type="stmt"/>
        <line num="292" count="380" type="stmt"/>
        <line num="293" count="380" type="stmt"/>
        <line num="297" count="3" type="stmt"/>
        <line num="298" count="3" type="stmt"/>
        <line num="299" count="3" type="stmt"/>
        <line num="301" count="3" type="cond" truecount="1" falsecount="1"/>
        <line num="303" count="3" type="cond" truecount="1" falsecount="1"/>
        <line num="304" count="3" type="cond" truecount="2" falsecount="0"/>
        <line num="305" count="1" type="stmt"/>
        <line num="308" count="0" type="stmt"/>
        <line num="309" count="0" type="stmt"/>
        <line num="314" count="382" type="cond" truecount="4" falsecount="0"/>
        <line num="316" count="381" type="stmt"/>
        <line num="317" count="381" type="cond" truecount="2" falsecount="0"/>
        <line num="318" count="3" type="cond" truecount="2" falsecount="0"/>
        <line num="319" count="2" type="cond" truecount="2" falsecount="0"/>
        <line num="320" count="1" type="stmt"/>
        <line num="324" count="378" type="stmt"/>
        <line num="326" count="378" type="cond" truecount="2" falsecount="0"/>
        <line num="327" count="377" type="stmt"/>
        <line num="330" count="1" type="stmt"/>
        <line num="331" count="1" type="stmt"/>
        <line num="335" count="1" type="stmt"/>
        <line num="340" count="377" type="stmt"/>
        <line num="341" count="377" type="stmt"/>
        <line num="342" count="986" type="stmt"/>
        <line num="347" count="986" type="cond" truecount="2" falsecount="0"/>
        <line num="349" count="986" type="cond" truecount="2" falsecount="0"/>
        <line num="350" count="377" type="stmt"/>
        <line num="353" count="609" type="stmt"/>
        <line num="356" count="986" type="stmt"/>
        <line num="361" count="377" type="stmt"/>
        <line num="364" count="377" type="cond" truecount="2" falsecount="0"/>
        <line num="365" count="232" type="stmt"/>
        <line num="368" count="377" type="stmt"/>
        <line num="372" count="232" type="stmt"/>
        <line num="373" count="232" type="stmt"/>
        <line num="374" count="232" type="stmt"/>
        <line num="376" count="232" type="stmt"/>
        <line num="377" count="14740" type="cond" truecount="1" falsecount="1"/>
        <line num="378" count="0" type="stmt"/>
        <line num="381" count="14740" type="stmt"/>
        <line num="382" count="14740" type="stmt"/>
        <line num="383" count="14740" type="stmt"/>
        <line num="385" count="14740" type="cond" truecount="2" falsecount="0"/>
        <line num="386" count="1256" type="stmt"/>
        <line num="387" count="1256" type="stmt"/>
        <line num="391" count="232" type="stmt"/>
        <line num="395" count="6" type="stmt"/>
        <line num="396" count="6" type="stmt"/>
        <line num="397" count="6" type="stmt"/>
        <line num="399" count="6" type="stmt"/>
        <line num="406" count="320" type="stmt"/>
        <line num="409" count="6" type="cond" truecount="2" falsecount="0"/>
        <line num="410" count="1" type="stmt"/>
        <line num="411" count="1" type="stmt"/>
        <line num="415" count="5" type="stmt"/>
        <line num="416" count="7" type="stmt"/>
        <line num="418" count="7" type="cond" truecount="2" falsecount="0"/>
        <line num="420" count="377" type="stmt"/>
        <line num="423" count="377" type="stmt"/>
        <line num="426" count="377" type="stmt"/>
        <line num="429" count="377" type="stmt"/>
        <line num="431" count="377" type="stmt"/>
        <line num="434" count="7" type="cond" truecount="2" falsecount="0"/>
        <line num="436" count="5" type="stmt"/>
        <line num="437" count="5" type="stmt"/>
        <line num="438" count="145" type="cond" truecount="2" falsecount="0"/>
        <line num="439" count="2" type="stmt"/>
        <line num="443" count="5" type="stmt"/>
        <line num="449" count="5" type="cond" truecount="4" falsecount="0"/>
        <line num="450" count="4" type="stmt"/>
        <line num="453" count="1" type="cond" truecount="1" falsecount="1"/>
        <line num="454" count="1" type="stmt"/>
        <line num="458" count="2" type="stmt"/>
        <line num="462" count="5" type="stmt"/>
        <line num="467" count="0" type="stmt"/>
      </file>
      <file name="Display.ts" path="/app/src/components/Display.ts">
        <metrics statements="56" coveredstatements="55" conditionals="23" coveredconditionals="18" methods="7" coveredmethods="7"/>
        <line num="4" count="1" type="stmt"/>
        <line num="6" count="1" type="stmt"/>
        <line num="8" count="1" type="stmt"/>
        <line num="15" count="5" type="stmt"/>
        <line num="16" count="5" type="stmt"/>
        <line num="17" count="5" type="stmt"/>
        <line num="21" count="5" type="stmt"/>
        <line num="22" count="5" type="stmt"/>
        <line num="23" count="40" type="stmt"/>
        <line num="24" count="320" type="stmt"/>
        <line num="25" count="320" type="stmt"/>
        <line num="26" count="320" type="stmt"/>
        <line num="27" count="320" type="stmt"/>
        <line num="28" count="320" type="stmt"/>
        <line num="32" count="5" type="stmt"/>
        <line num="36" count="1" type="cond" truecount="1" falsecount="1"/>
        <line num="38" count="1" type="stmt"/>
        <line num="39" count="1" type="stmt"/>
        <line num="41" count="1" type="cond" truecount="1" falsecount="1"/>
        <line num="42" count="1" type="stmt"/>
        <line num="43" count="1" type="stmt"/>
        <line num="44" count="1" type="cond" truecount="3" falsecount="1"/>
        <line num="45" count="1" type="stmt"/>
        <line num="51" count="1" type="stmt"/>
        <line num="52" count="1" type="stmt"/>
        <line num="53" count="64" type="stmt"/>
        <line num="54" count="64" type="stmt"/>
        <line num="55" count="64" type="stmt"/>
        <line num="57" count="64" type="stmt"/>
        <line num="59" count="64" type="stmt"/>
        <line num="60" count="64" type="cond" truecount="2" falsecount="0"/>
        <line num="61" count="2" type="stmt"/>
        <line num="62" count="2" type="stmt"/>
        <line num="63" count="2" type="cond" truecount="2" falsecount="0"/>
        <line num="65" count="2" type="cond" truecount="5" falsecount="0"/>
        <line num="66" count="1" type="stmt"/>
        <line num="69" count="2" type="stmt"/>
        <line num="75" count="2" type="cond" truecount="2" falsecount="0"/>
        <line num="76" count="1" type="stmt"/>
        <line num="78" count="2" type="stmt"/>
        <line num="82" count="1" type="stmt"/>
        <line num="83" count="1" type="cond" truecount="1" falsecount="1"/>
        <line num="84" count="1" type="cond" truecount="1" falsecount="1"/>
        <line num="87" count="1" type="stmt"/>
        <line num="88" count="1" type="stmt"/>
        <line num="90" count="1" type="stmt"/>
        <line num="91" count="1" type="stmt"/>
        <line num="93" count="1" type="stmt"/>
        <line num="94" count="1" type="stmt"/>
        <line num="95" count="1" type="stmt"/>
        <line num="97" count="1" type="stmt"/>
        <line num="98" count="1" type="stmt"/>
        <line num="100" count="1" type="stmt"/>
        <line num="101" count="1" type="stmt"/>
        <line num="103" count="0" type="stmt"/>
        <line num="108" count="1" type="stmt"/>
      </file>
      <file name="GameController.ts" path="/app/src/components/GameController.ts">
        <metrics statements="72" coveredstatements="72" conditionals="28" coveredconditionals="28" methods="6" coveredmethods="6"/>
        <line num="8" count="1" type="stmt"/>
        <line num="10" count="1" type="stmt"/>
        <line num="15" count="16" type="stmt"/>
        <line num="16" count="16" type="stmt"/>
        <line num="17" count="16" type="stmt"/>
        <line num="20" count="16" type="stmt"/>
        <line num="21" count="16" type="stmt"/>
        <line num="22" count="16" type="stmt"/>
        <line num="23" count="16" type="stmt"/>
        <line num="25" count="16" type="stmt"/>
        <line num="29" count="15" type="cond" truecount="2" falsecount="0"/>
        <line num="30" count="2" type="stmt"/>
        <line num="31" count="2" type="cond" truecount="2" falsecount="0"/>
        <line num="32" count="1" type="stmt"/>
        <line num="36" count="14" type="stmt"/>
        <line num="37" count="14" type="stmt"/>
        <line num="38" count="14" type="stmt"/>
        <line num="39" count="14" type="stmt"/>
        <line num="40" count="14" type="stmt"/>
        <line num="42" count="14" type="stmt"/>
        <line num="43" count="14" type="stmt"/>
        <line num="44" count="14" type="stmt"/>
        <line num="45" count="14" type="stmt"/>
        <line num="46" count="14" type="stmt"/>
        <line num="47" count="14" type="cond" truecount="2" falsecount="0"/>
        <line num="49" count="14" type="stmt"/>
        <line num="51" count="14" type="stmt"/>
        <line num="52" count="14" type="stmt"/>
        <line num="54" count="14" type="cond" truecount="2" falsecount="0"/>
        <line num="55" count="2" type="stmt"/>
        <line num="60" count="7" type="cond" truecount="2" falsecount="0"/>
        <line num="62" count="6" type="cond" truecount="2" falsecount="0"/>
        <line num="63" count="1" type="stmt"/>
        <line num="64" count="1" type="stmt"/>
        <line num="67" count="5" type="stmt"/>
        <line num="68" count="5" type="cond" truecount="2" falsecount="0"/>
        <line num="70" count="1" type="stmt"/>
        <line num="73" count="4" type="stmt"/>
        <line num="75" count="4" type="cond" truecount="2" falsecount="0"/>
        <line num="76" count="2" type="stmt"/>
        <line num="78" count="2" type="cond" truecount="2" falsecount="0"/>
        <line num="79" count="1" type="stmt"/>
        <line num="82" count="2" type="stmt"/>
        <line num="83" count="2" type="stmt"/>
        <line num="86" count="2" type="stmt"/>
        <line num="87" count="2" type="stmt"/>
        <line num="88" count="2" type="stmt"/>
        <line num="90" count="2" type="stmt"/>
        <line num="91" count="2" type="cond" truecount="2" falsecount="0"/>
        <line num="92" count="1" type="stmt"/>
        <line num="94" count="1" type="stmt"/>
        <line num="99" count="7" type="cond" truecount="2" falsecount="0"/>
        <line num="101" count="6" type="stmt"/>
        <line num="102" count="6" type="stmt"/>
        <line num="104" count="6" type="stmt"/>
        <line num="105" count="6" type="stmt"/>
        <line num="107" count="6" type="stmt"/>
        <line num="109" count="6" type="stmt"/>
        <line num="110" count="6" type="stmt"/>
        <line num="111" count="6" type="stmt"/>
        <line num="114" count="6" type="stmt"/>
        <line num="115" count="6" type="cond" truecount="2" falsecount="0"/>
        <line num="116" count="5" type="stmt"/>
        <line num="119" count="6" type="stmt"/>
        <line num="121" count="6" type="stmt"/>
        <line num="122" count="6" type="cond" truecount="2" falsecount="0"/>
        <line num="123" count="1" type="stmt"/>
        <line num="128" count="1" type="stmt"/>
        <line num="132" count="2" type="stmt"/>
        <line num="133" count="2" type="cond" truecount="2" falsecount="0"/>
        <line num="134" count="2" type="stmt"/>
        <line num="135" count="2" type="stmt"/>
      </file>
      <file name="GameEngine.ts" path="/app/src/components/GameEngine.ts">
        <metrics statements="47" coveredstatements="47" conditionals="40" coveredconditionals="40" methods="12" coveredmethods="12"/>
        <line num="4" count="3" type="stmt"/>
        <line num="6" count="3" type="stmt"/>
        <line num="7" count="3" type="stmt"/>
        <line num="9" count="3" type="stmt"/>
        <line num="13" count="37" type="stmt"/>
        <line num="17" count="376" type="stmt"/>
        <line num="18" count="47" type="stmt"/>
        <line num="26" count="10" type="stmt"/>
        <line num="30" count="11" type="stmt"/>
        <line num="34" count="800" type="stmt"/>
        <line num="35" count="800" type="stmt"/>
        <line num="37" count="800" type="stmt"/>
        <line num="38" count="6400" type="stmt"/>
        <line num="39" count="51200" type="cond" truecount="2" falsecount="0"/>
        <line num="40" count="49413" type="cond" truecount="2" falsecount="0"/>
        <line num="42" count="49046" type="cond" truecount="4" falsecount="0"/>
        <line num="43" count="17388" type="stmt"/>
        <line num="44" count="17388" type="stmt"/>
        <line num="45" count="17388" type="cond" truecount="8" falsecount="0"/>
        <line num="48" count="828" type="stmt"/>
        <line num="51" count="48218" type="stmt"/>
        <line num="54" count="367" type="cond" truecount="2" falsecount="0"/>
        <line num="55" count="59" type="stmt"/>
        <line num="62" count="800" type="stmt"/>
        <line num="66" count="367" type="stmt"/>
        <line num="67" count="1039" type="stmt"/>
        <line num="68" count="3056" type="cond" truecount="4" falsecount="0"/>
        <line num="69" count="2720" type="stmt"/>
        <line num="70" count="2720" type="stmt"/>
        <line num="72" count="2720" type="cond" truecount="6" falsecount="0"/>
        <line num="73" count="2168" type="cond" truecount="2" falsecount="0"/>
        <line num="74" count="59" type="stmt"/>
        <line num="79" count="308" type="stmt"/>
        <line num="83" count="20" type="stmt"/>
        <line num="84" count="459" type="cond" truecount="2" falsecount="0"/>
        <line num="86" count="20" type="cond" truecount="2" falsecount="0"/>
        <line num="87" count="18" type="stmt"/>
        <line num="88" count="18" type="stmt"/>
        <line num="91" count="2" type="stmt"/>
        <line num="95" count="7680" type="stmt"/>
        <line num="96" count="960" type="stmt"/>
        <line num="98" count="960" type="cond" truecount="2" falsecount="0"/>
        <line num="100" count="960" type="stmt"/>
        <line num="109" count="383" type="stmt"/>
        <line num="110" count="383" type="cond" truecount="2" falsecount="0"/>
        <line num="112" count="4" type="cond" truecount="2" falsecount="0"/>
        <line num="114" count="379" type="stmt"/>
      </file>
    </package>
    <package name="interfaces">
      <metrics statements="4" coveredstatements="4" conditionals="2" coveredconditionals="2" methods="1" coveredmethods="1"/>
      <file name="Player.ts" path="/app/src/interfaces/Player.ts">
        <metrics statements="4" coveredstatements="4" conditionals="2" coveredconditionals="2" methods="1" coveredmethods="1"/>
        <line num="1" count="4" type="cond" truecount="2" falsecount="0"/>
        <line num="2" count="4" type="stmt"/>
        <line num="3" count="4" type="stmt"/>
        <line num="4" count="4" type="stmt"/>
      </file>
    </package>
    <package name="ui">
      <metrics statements="54" coveredstatements="54" conditionals="38" coveredconditionals="27" methods="16" coveredmethods="16"/>
      <file name="UIManager.ts" path="/app/src/ui/UIManager.ts">
        <metrics statements="54" coveredstatements="54" conditionals="38" coveredconditionals="27" methods="16" coveredmethods="16"/>
        <line num="1" count="1" type="stmt"/>
        <line num="14" count="13" type="stmt"/>
        <line num="33" count="13" type="stmt"/>
        <line num="34" count="13" type="stmt"/>
        <line num="35" count="13" type="stmt"/>
        <line num="36" count="13" type="stmt"/>
        <line num="37" count="13" type="stmt"/>
        <line num="39" count="13" type="cond" truecount="1" falsecount="1"/>
        <line num="40" count="13" type="stmt"/>
        <line num="43" count="13" type="stmt"/>
        <line num="44" count="13" type="stmt"/>
        <line num="45" count="13" type="stmt"/>
        <line num="47" count="13" type="stmt"/>
        <line num="48" count="13" type="stmt"/>
        <line num="49" count="13" type="stmt"/>
        <line num="50" count="13" type="stmt"/>
        <line num="51" count="13" type="stmt"/>
        <line num="52" count="13" type="stmt"/>
        <line num="53" count="13" type="stmt"/>
        <line num="54" count="13" type="stmt"/>
        <line num="55" count="13" type="stmt"/>
        <line num="57" count="13" type="stmt"/>
        <line num="58" count="13" type="stmt"/>
        <line num="59" count="13" type="stmt"/>
        <line num="61" count="13" type="stmt"/>
        <line num="65" count="1" type="stmt"/>
        <line num="69" count="1" type="stmt"/>
        <line num="73" count="13" type="cond" truecount="3" falsecount="1"/>
        <line num="74" count="13" type="stmt"/>
        <line num="75" count="1" type="stmt"/>
        <line num="79" count="13" type="cond" truecount="1" falsecount="1"/>
        <line num="81" count="13" type="stmt"/>
        <line num="82" count="2" type="stmt"/>
        <line num="89" count="2" type="cond" truecount="3" falsecount="1"/>
        <line num="90" count="2" type="cond" truecount="2" falsecount="0"/>
        <line num="91" count="1" type="stmt"/>
        <line num="93" count="1" type="stmt"/>
        <line num="102" count="1" type="cond" truecount="1" falsecount="1"/>
        <line num="103" count="1" type="stmt"/>
        <line num="108" count="2" type="cond" truecount="1" falsecount="1"/>
        <line num="112" count="2" type="cond" truecount="2" falsecount="0"/>
        <line num="116" count="2" type="cond" truecount="2" falsecount="0"/>
        <line num="120" count="2" type="cond" truecount="2" falsecount="0"/>
        <line num="124" count="2" type="cond" truecount="2" falsecount="0"/>
        <line num="128" count="2" type="cond" truecount="2" falsecount="0"/>
        <line num="135" count="3" type="cond" truecount="1" falsecount="1"/>
        <line num="136" count="3" type="stmt"/>
        <line num="137" count="3" type="stmt"/>
        <line num="138" count="3" type="stmt"/>
        <line num="140" count="3" type="cond" truecount="1" falsecount="1"/>
        <line num="141" count="3" type="stmt"/>
        <line num="150" count="1" type="cond" truecount="1" falsecount="1"/>
        <line num="151" count="1" type="cond" truecount="1" falsecount="1"/>
        <line num="152" count="1" type="cond" truecount="1" falsecount="1"/>
      </file>
    </package>
  </project>
</coverage>
