{"/app/src/components/AiPlayer.ts": {"path":"/app/src/components/AiPlayer.ts","statementMap":{"0":{"start":{"line":5,"column":0},"end":{"line":5,"column":46}},"1":{"start":{"line":8,"column":0},"end":{"line":8,"column":54}},"2":{"start":{"line":10,"column":17},"end":{"line":10,"column":23}},"3":{"start":{"line":15,"column":4},"end":{"line":15,"column":56}},"4":{"start":{"line":18,"column":4},"end":{"line":18,"column":41}},"5":{"start":{"line":21,"column":4},"end":{"line":21,"column":42}},"6":{"start":{"line":24,"column":4},"end":{"line":24,"column":26}},"7":{"start":{"line":30,"column":25},"end":{"line":30,"column":26}},"8":{"start":{"line":31,"column":25},"end":{"line":31,"column":26}},"9":{"start":{"line":33,"column":4},"end":{"line":33,"column":41}},"10":{"start":{"line":36,"column":4},"end":{"line":36,"column":33}},"11":{"start":{"line":39,"column":4},"end":{"line":39,"column":34}},"12":{"start":{"line":42,"column":4},"end":{"line":42,"column":33}},"13":{"start":{"line":45,"column":4},"end":{"line":45,"column":18}},"14":{"start":{"line":46,"column":4},"end":{"line":46,"column":18}},"15":{"start":{"line":51,"column":32},"end":{"line":51,"column":36}},"16":{"start":{"line":52,"column":78},"end":{"line":52,"column":98}},"17":{"start":{"line":53,"column":69},"end":{"line":53,"column":77}},"18":{"start":{"line":54,"column":38},"end":{"line":54,"column":39}},"19":{"start":{"line":55,"column":38},"end":{"line":55,"column":39}},"20":{"start":{"line":56,"column":41},"end":{"line":56,"column":43}},"21":{"start":{"line":57,"column":35},"end":{"line":57,"column":51}},"22":{"start":{"line":58,"column":27},"end":{"line":58,"column":86}},"23":{"start":{"line":59,"column":34},"end":{"line":59,"column":45}},"24":{"start":{"line":60,"column":37},"end":{"line":60,"column":54}},"25":{"start":{"line":61,"column":40},"end":{"line":61,"column":57}},"26":{"start":{"line":62,"column":27},"end":{"line":62,"column":61}},"27":{"start":{"line":63,"column":30},"end":{"line":63,"column":64}},"28":{"start":{"line":66,"column":29},"end":{"line":66,"column":89}},"29":{"start":{"line":69,"column":4},"end":{"line":69,"column":36}},"30":{"start":{"line":70,"column":4},"end":{"line":70,"column":39}},"31":{"start":{"line":71,"column":4},"end":{"line":71,"column":25}},"32":{"start":{"line":72,"column":4},"end":{"line":72,"column":28}},"33":{"start":{"line":75,"column":4},"end":{"line":86,"column":5}},"34":{"start":{"line":75,"column":17},"end":{"line":75,"column":18}},"35":{"start":{"line":76,"column":6},"end":{"line":85,"column":7}},"36":{"start":{"line":76,"column":19},"end":{"line":76,"column":20}},"37":{"start":{"line":77,"column":22},"end":{"line":77,"column":39}},"38":{"start":{"line":78,"column":8},"end":{"line":84,"column":9}},"39":{"start":{"line":79,"column":10},"end":{"line":79,"column":48}},"40":{"start":{"line":80,"column":10},"end":{"line":80,"column":40}},"41":{"start":{"line":81,"column":15},"end":{"line":84,"column":9}},"42":{"start":{"line":82,"column":10},"end":{"line":82,"column":51}},"43":{"start":{"line":83,"column":10},"end":{"line":83,"column":43}},"44":{"start":{"line":89,"column":19},"end":{"line":115,"column":5}},"45":{"start":{"line":90,"column":6},"end":{"line":114,"column":7}},"46":{"start":{"line":91,"column":23},"end":{"line":91,"column":34}},"47":{"start":{"line":92,"column":18},"end":{"line":92,"column":37}},"48":{"start":{"line":93,"column":18},"end":{"line":93,"column":43}},"49":{"start":{"line":94,"column":28},"end":{"line":94,"column":47}},"50":{"start":{"line":96,"column":8},"end":{"line":113,"column":9}},"51":{"start":{"line":96,"column":22},"end":{"line":96,"column":24}},"52":{"start":{"line":97,"column":10},"end":{"line":112,"column":11}},"53":{"start":{"line":97,"column":24},"end":{"line":97,"column":26}},"54":{"start":{"line":98,"column":12},"end":{"line":98,"column":47}},"55":{"start":{"line":98,"column":38},"end":{"line":98,"column":47}},"56":{"start":{"line":99,"column":23},"end":{"line":99,"column":29}},"57":{"start":{"line":100,"column":23},"end":{"line":100,"column":29}},"58":{"start":{"line":102,"column":12},"end":{"line":111,"column":13}},"59":{"start":{"line":104,"column":14},"end":{"line":110,"column":15}},"60":{"start":{"line":106,"column":16},"end":{"line":109,"column":17}},"61":{"start":{"line":107,"column":18},"end":{"line":107,"column":57}},"62":{"start":{"line":108,"column":18},"end":{"line":108,"column":51}},"63":{"start":{"line":117,"column":4},"end":{"line":117,"column":61}},"64":{"start":{"line":118,"column":4},"end":{"line":118,"column":64}},"65":{"start":{"line":120,"column":16},"end":{"line":120,"column":17}},"66":{"start":{"line":121,"column":30},"end":{"line":121,"column":31}},"67":{"start":{"line":123,"column":4},"end":{"line":149,"column":5}},"68":{"start":{"line":123,"column":17},"end":{"line":123,"column":18}},"69":{"start":{"line":124,"column":6},"end":{"line":148,"column":7}},"70":{"start":{"line":124,"column":19},"end":{"line":124,"column":20}},"71":{"start":{"line":125,"column":8},"end":{"line":147,"column":9}},"72":{"start":{"line":126,"column":25},"end":{"line":126,"column":51}},"73":{"start":{"line":127,"column":28},"end":{"line":127,"column":57}},"74":{"start":{"line":130,"column":21},"end":{"line":130,"column":22}},"75":{"start":{"line":131,"column":10},"end":{"line":139,"column":11}},"76":{"start":{"line":132,"column":13},"end":{"line":132,"column":22}},"77":{"start":{"line":133,"column":17},"end":{"line":139,"column":11}},"78":{"start":{"line":134,"column":13},"end":{"line":134,"column":44}},"79":{"start":{"line":135,"column":17},"end":{"line":139,"column":11}},"80":{"start":{"line":136,"column":13},"end":{"line":136,"column":43}},"81":{"start":{"line":138,"column":13},"end":{"line":138,"column":39}},"82":{"start":{"line":141,"column":30},"end":{"line":141,"column":103}},"83":{"start":{"line":143,"column":10},"end":{"line":146,"column":11}},"84":{"start":{"line":144,"column":12},"end":{"line":144,"column":33}},"85":{"start":{"line":145,"column":12},"end":{"line":145,"column":57}},"86":{"start":{"line":151,"column":4},"end":{"line":153,"column":5}},"87":{"start":{"line":152,"column":6},"end":{"line":152,"column":17}},"88":{"start":{"line":155,"column":4},"end":{"line":155,"column":49}},"89":{"start":{"line":159,"column":4},"end":{"line":159,"column":26}},"90":{"start":{"line":163,"column":4},"end":{"line":163,"column":31}},"91":{"start":{"line":167,"column":4},"end":{"line":167,"column":38}},"92":{"start":{"line":171,"column":4},"end":{"line":171,"column":33}},"93":{"start":{"line":175,"column":4},"end":{"line":175,"column":33}},"94":{"start":{"line":179,"column":4},"end":{"line":179,"column":38}},"95":{"start":{"line":183,"column":4},"end":{"line":185,"column":5}},"96":{"start":{"line":184,"column":6},"end":{"line":184,"column":18}},"97":{"start":{"line":187,"column":4},"end":{"line":247,"column":5}},"98":{"start":{"line":189,"column":6},"end":{"line":195,"column":7}},"99":{"start":{"line":189,"column":19},"end":{"line":189,"column":20}},"100":{"start":{"line":190,"column":27},"end":{"line":190,"column":47}},"101":{"start":{"line":191,"column":8},"end":{"line":194,"column":9}},"102":{"start":{"line":192,"column":28},"end":{"line":192,"column":89}},"103":{"start":{"line":193,"column":10},"end":{"line":193,"column":99}},"104":{"start":{"line":198,"column":6},"end":{"line":202,"column":9}},"105":{"start":{"line":199,"column":23},"end":{"line":199,"column":58}},"106":{"start":{"line":200,"column":23},"end":{"line":200,"column":58}},"107":{"start":{"line":201,"column":8},"end":{"line":201,"column":31}},"108":{"start":{"line":204,"column":6},"end":{"line":244,"column":7}},"109":{"start":{"line":205,"column":31},"end":{"line":205,"column":86}},"110":{"start":{"line":206,"column":8},"end":{"line":240,"column":9}},"111":{"start":{"line":207,"column":38},"end":{"line":207,"column":40}},"112":{"start":{"line":208,"column":37},"end":{"line":208,"column":39}},"113":{"start":{"line":209,"column":10},"end":{"line":219,"column":11}},"114":{"start":{"line":209,"column":23},"end":{"line":209,"column":24}},"115":{"start":{"line":210,"column":33},"end":{"line":210,"column":59}},"116":{"start":{"line":211,"column":12},"end":{"line":218,"column":13}},"117":{"start":{"line":212,"column":14},"end":{"line":214,"column":15}},"118":{"start":{"line":213,"column":16},"end":{"line":213,"column":42}},"119":{"start":{"line":215,"column":14},"end":{"line":215,"column":39}},"120":{"start":{"line":216,"column":19},"end":{"line":218,"column":13}},"121":{"start":{"line":217,"column":14},"end":{"line":217,"column":20}},"122":{"start":{"line":221,"column":43},"end":{"line":221,"column":92}},"123":{"start":{"line":222,"column":42},"end":{"line":222,"column":90}},"124":{"start":{"line":224,"column":10},"end":{"line":239,"column":11}},"125":{"start":{"line":226,"column":25},"end":{"line":226,"column":97}},"126":{"start":{"line":228,"column":12},"end":{"line":231,"column":13}},"127":{"start":{"line":228,"column":25},"end":{"line":228,"column":40}},"128":{"start":{"line":229,"column":24},"end":{"line":229,"column":59}},"129":{"start":{"line":230,"column":14},"end":{"line":230,"column":54}},"130":{"start":{"line":234,"column":12},"end":{"line":238,"column":14}},"131":{"start":{"line":243,"column":8},"end":{"line":243,"column":97}},"132":{"start":{"line":246,"column":6},"end":{"line":246,"column":40}},"133":{"start":{"line":249,"column":26},"end":{"line":249,"column":28}},"134":{"start":{"line":251,"column":4},"end":{"line":268,"column":5}},"135":{"start":{"line":252,"column":6},"end":{"line":252,"column":77}},"136":{"start":{"line":253,"column":11},"end":{"line":268,"column":5}},"137":{"start":{"line":254,"column":34},"end":{"line":254,"column":37}},"138":{"start":{"line":255,"column":24},"end":{"line":255,"column":98}},"139":{"start":{"line":257,"column":6},"end":{"line":264,"column":7}},"140":{"start":{"line":257,"column":19},"end":{"line":257,"column":20}},"141":{"start":{"line":258,"column":8},"end":{"line":263,"column":9}},"142":{"start":{"line":259,"column":10},"end":{"line":259,"column":30}},"143":{"start":{"line":262,"column":10},"end":{"line":262,"column":16}},"144":{"start":{"line":267,"column":6},"end":{"line":267,"column":84}},"145":{"start":{"line":270,"column":23},"end":{"line":270,"column":57}},"146":{"start":{"line":271,"column":4},"end":{"line":273,"column":5}},"147":{"start":{"line":272,"column":6},"end":{"line":272,"column":51}},"148":{"start":{"line":275,"column":17},"end":{"line":275,"column":52}},"149":{"start":{"line":276,"column":4},"end":{"line":278,"column":5}},"150":{"start":{"line":277,"column":6},"end":{"line":277,"column":18}},"151":{"start":{"line":280,"column":22},"end":{"line":280,"column":72}},"152":{"start":{"line":282,"column":32},"end":{"line":290,"column":6}},"153":{"start":{"line":289,"column":73},"end":{"line":289,"column":84}},"154":{"start":{"line":292,"column":4},"end":{"line":292,"column":34}},"155":{"start":{"line":293,"column":4},"end":{"line":293,"column":21}},"156":{"start":{"line":297,"column":23},"end":{"line":297,"column":35}},"157":{"start":{"line":298,"column":4},"end":{"line":310,"column":5}},"158":{"start":{"line":299,"column":25},"end":{"line":299,"column":68}},"159":{"start":{"line":301,"column":6},"end":{"line":306,"column":7}},"160":{"start":{"line":303,"column":24},"end":{"line":303,"column":97}},"161":{"start":{"line":304,"column":9},"end":{"line":304,"column":53}},"162":{"start":{"line":304,"column":44},"end":{"line":304,"column":53}},"163":{"start":{"line":305,"column":9},"end":{"line":305,"column":18}},"164":{"start":{"line":308,"column":25},"end":{"line":308,"column":82}},"165":{"start":{"line":309,"column":6},"end":{"line":309,"column":76}},"166":{"start":{"line":314,"column":4},"end":{"line":336,"column":5}},"167":{"start":{"line":316,"column":21},"end":{"line":316,"column":64}},"168":{"start":{"line":317,"column":6},"end":{"line":321,"column":7}},"169":{"start":{"line":318,"column":8},"end":{"line":318,"column":52}},"170":{"start":{"line":318,"column":43},"end":{"line":318,"column":52}},"171":{"start":{"line":319,"column":8},"end":{"line":319,"column":47}},"172":{"start":{"line":319,"column":36},"end":{"line":319,"column":47}},"173":{"start":{"line":320,"column":8},"end":{"line":320,"column":17}},"174":{"start":{"line":324,"column":30},"end":{"line":324,"column":94}},"175":{"start":{"line":326,"column":6},"end":{"line":332,"column":7}},"176":{"start":{"line":327,"column":8},"end":{"line":327,"column":31}},"177":{"start":{"line":330,"column":29},"end":{"line":330,"column":66}},"178":{"start":{"line":331,"column":8},"end":{"line":331,"column":52}},"179":{"start":{"line":335,"column":6},"end":{"line":335,"column":51}},"180":{"start":{"line":340,"column":35},"end":{"line":340,"column":39}},"181":{"start":{"line":341,"column":4},"end":{"line":357,"column":5}},"182":{"start":{"line":342,"column":6},"end":{"line":342,"column":23}},"183":{"start":{"line":347,"column":33},"end":{"line":347,"column":111}},"184":{"start":{"line":349,"column":6},"end":{"line":354,"column":7}},"185":{"start":{"line":350,"column":8},"end":{"line":350,"column":30}},"186":{"start":{"line":353,"column":8},"end":{"line":353,"column":36}},"187":{"start":{"line":356,"column":6},"end":{"line":356,"column":31}},"188":{"start":{"line":361,"column":18},"end":{"line":361,"column":22}},"189":{"start":{"line":364,"column":4},"end":{"line":366,"column":5}},"190":{"start":{"line":365,"column":6},"end":{"line":365,"column":46}},"191":{"start":{"line":368,"column":4},"end":{"line":368,"column":19}},"192":{"start":{"line":372,"column":14},"end":{"line":372,"column":24}},"193":{"start":{"line":373,"column":20},"end":{"line":373,"column":29}},"194":{"start":{"line":374,"column":30},"end":{"line":374,"column":46}},"195":{"start":{"line":376,"column":4},"end":{"line":389,"column":5}},"196":{"start":{"line":377,"column":6},"end":{"line":379,"column":7}},"197":{"start":{"line":378,"column":8},"end":{"line":378,"column":21}},"198":{"start":{"line":381,"column":27},"end":{"line":381,"column":52}},"199":{"start":{"line":382,"column":26},"end":{"line":382,"column":77}},"200":{"start":{"line":383,"column":23},"end":{"line":383,"column":49}},"201":{"start":{"line":385,"column":6},"end":{"line":388,"column":7}},"202":{"start":{"line":386,"column":8},"end":{"line":386,"column":29}},"203":{"start":{"line":387,"column":8},"end":{"line":387,"column":26}},"204":{"start":{"line":391,"column":4},"end":{"line":391,"column":21}},"205":{"start":{"line":395,"column":4},"end":{"line":463,"column":7}},"206":{"start":{"line":396,"column":6},"end":{"line":396,"column":54}},"207":{"start":{"line":397,"column":24},"end":{"line":397,"column":34}},"208":{"start":{"line":399,"column":33},"end":{"line":407,"column":8}},"209":{"start":{"line":406,"column":78},"end":{"line":406,"column":89}},"210":{"start":{"line":409,"column":6},"end":{"line":412,"column":7}},"211":{"start":{"line":410,"column":8},"end":{"line":410,"column":55}},"212":{"start":{"line":411,"column":8},"end":{"line":411,"column":15}},"213":{"start":{"line":415,"column":27},"end":{"line":460,"column":7}},"214":{"start":{"line":416,"column":34},"end":{"line":416,"column":35}},"215":{"start":{"line":418,"column":8},"end":{"line":432,"column":9}},"216":{"start":{"line":420,"column":27},"end":{"line":420,"column":48}},"217":{"start":{"line":423,"column":31},"end":{"line":423,"column":52}},"218":{"start":{"line":426,"column":24},"end":{"line":426,"column":51}},"219":{"start":{"line":429,"column":10},"end":{"line":429,"column":50}},"220":{"start":{"line":431,"column":10},"end":{"line":431,"column":32}},"221":{"start":{"line":434,"column":8},"end":{"line":459,"column":9}},"222":{"start":{"line":436,"column":33},"end":{"line":436,"column":53}},"223":{"start":{"line":437,"column":10},"end":{"line":441,"column":11}},"224":{"start":{"line":438,"column":12},"end":{"line":440,"column":13}},"225":{"start":{"line":439,"column":14},"end":{"line":439,"column":39}},"226":{"start":{"line":443,"column":10},"end":{"line":447,"column":12}},"227":{"start":{"line":449,"column":10},"end":{"line":455,"column":11}},"228":{"start":{"line":450,"column":12},"end":{"line":450,"column":53}},"229":{"start":{"line":453,"column":35},"end":{"line":453,"column":123}},"230":{"start":{"line":454,"column":12},"end":{"line":454,"column":42}},"231":{"start":{"line":458,"column":10},"end":{"line":458,"column":38}},"232":{"start":{"line":462,"column":6},"end":{"line":462,"column":21}},"233":{"start":{"line":467,"column":4},"end":{"line":467,"column":22}},"234":{"start":{"line":50,"column":0},"end":{"line":50,"column":13}}},"fnMap":{"0":{"name":"(anonymous_0)","decl":{"start":{"line":14,"column":2},"end":{"line":14,"column":null}},"loc":{"start":{"line":14,"column":2},"end":{"line":16,"column":3}}},"1":{"name":"(anonymous_1)","decl":{"start":{"line":17,"column":2},"end":{"line":17,"column":5}},"loc":{"start":{"line":17,"column":26},"end":{"line":19,"column":3}}},"2":{"name":"(anonymous_2)","decl":{"start":{"line":20,"column":2},"end":{"line":20,"column":5}},"loc":{"start":{"line":20,"column":41},"end":{"line":22,"column":3}}},"3":{"name":"(anonymous_3)","decl":{"start":{"line":23,"column":2},"end":{"line":23,"column":6}},"loc":{"start":{"line":23,"column":20},"end":{"line":25,"column":3}}},"4":{"name":"(anonymous_4)","decl":{"start":{"line":32,"column":2},"end":{"line":32,"column":14}},"loc":{"start":{"line":32,"column":30},"end":{"line":34,"column":3}}},"5":{"name":"(anonymous_5)","decl":{"start":{"line":35,"column":2},"end":{"line":35,"column":6}},"loc":{"start":{"line":35,"column":18},"end":{"line":37,"column":3}}},"6":{"name":"(anonymous_6)","decl":{"start":{"line":38,"column":2},"end":{"line":38,"column":5}},"loc":{"start":{"line":38,"column":5},"end":{"line":40,"column":3}}},"7":{"name":"(anonymous_7)","decl":{"start":{"line":41,"column":2},"end":{"line":41,"column":6}},"loc":{"start":{"line":41,"column":12},"end":{"line":43,"column":3}}},"8":{"name":"(anonymous_8)","decl":{"start":{"line":44,"column":2},"end":{"line":44,"column":7}},"loc":{"start":{"line":44,"column":7},"end":{"line":47,"column":3}}},"9":{"name":"(anonymous_9)","decl":{"start":{"line":65,"column":10},"end":{"line":65,"column":33}},"loc":{"start":{"line":65,"column":73},"end":{"line":156,"column":3}}},"10":{"name":"(anonymous_10)","decl":{"start":{"line":89,"column":19},"end":{"line":89,"column":20}},"loc":{"start":{"line":89,"column":83},"end":{"line":115,"column":5}}},"11":{"name":"(anonymous_11)","decl":{"start":{"line":158,"column":2},"end":{"line":158,"column":14}},"loc":{"start":{"line":158,"column":25},"end":{"line":160,"column":3}}},"12":{"name":"(anonymous_12)","decl":{"start":{"line":162,"column":2},"end":{"line":162,"column":19}},"loc":{"start":{"line":162,"column":75},"end":{"line":164,"column":3}}},"13":{"name":"(anonymous_13)","decl":{"start":{"line":166,"column":2},"end":{"line":166,"column":22}},"loc":{"start":{"line":166,"column":70},"end":{"line":168,"column":3}}},"14":{"name":"(anonymous_14)","decl":{"start":{"line":170,"column":2},"end":{"line":170,"column":22}},"loc":{"start":{"line":170,"column":34},"end":{"line":172,"column":3}}},"15":{"name":"(anonymous_15)","decl":{"start":{"line":174,"column":2},"end":{"line":174,"column":22}},"loc":{"start":{"line":174,"column":34},"end":{"line":176,"column":3}}},"16":{"name":"(anonymous_16)","decl":{"start":{"line":178,"column":2},"end":{"line":178,"column":17}},"loc":{"start":{"line":178,"column":31},"end":{"line":180,"column":3}}},"17":{"name":"(anonymous_17)","decl":{"start":{"line":182,"column":10},"end":{"line":182,"column":16}},"loc":{"start":{"line":182,"column":31},"end":{"line":294,"column":3}}},"18":{"name":"(anonymous_18)","decl":{"start":{"line":198,"column":29},"end":{"line":198,"column":30}},"loc":{"start":{"line":198,"column":38},"end":{"line":202,"column":7}}},"19":{"name":"(anonymous_19)","decl":{"start":{"line":289,"column":67},"end":{"line":289,"column":68}},"loc":{"start":{"line":289,"column":73},"end":{"line":289,"column":84}}},"20":{"name":"(anonymous_20)","decl":{"start":{"line":296,"column":10},"end":{"line":296,"column":26}},"loc":{"start":{"line":296,"column":50},"end":{"line":311,"column":3}}},"21":{"name":"(anonymous_21)","decl":{"start":{"line":313,"column":10},"end":{"line":313,"column":18}},"loc":{"start":{"line":313,"column":33},"end":{"line":337,"column":3}}},"22":{"name":"(anonymous_22)","decl":{"start":{"line":339,"column":10},"end":{"line":339,"column":23}},"loc":{"start":{"line":339,"column":53},"end":{"line":358,"column":3}}},"23":{"name":"(anonymous_23)","decl":{"start":{"line":360,"column":10},"end":{"line":360,"column":16}},"loc":{"start":{"line":360,"column":31},"end":{"line":369,"column":3}}},"24":{"name":"(anonymous_24)","decl":{"start":{"line":371,"column":10},"end":{"line":371,"column":25}},"loc":{"start":{"line":371,"column":40},"end":{"line":392,"column":3}}},"25":{"name":"(anonymous_25)","decl":{"start":{"line":394,"column":2},"end":{"line":394,"column":19}},"loc":{"start":{"line":394,"column":43},"end":{"line":464,"column":3}}},"26":{"name":"(anonymous_26)","decl":{"start":{"line":395,"column":23},"end":{"line":395,"column":24}},"loc":{"start":{"line":395,"column":43},"end":{"line":463,"column":5}}},"27":{"name":"(anonymous_27)","decl":{"start":{"line":406,"column":72},"end":{"line":406,"column":73}},"loc":{"start":{"line":406,"column":78},"end":{"line":406,"column":89}}},"28":{"name":"(anonymous_28)","decl":{"start":{"line":415,"column":27},"end":{"line":415,"column":30}},"loc":{"start":{"line":415,"column":32},"end":{"line":460,"column":7}}},"29":{"name":"(anonymous_29)","decl":{"start":{"line":466,"column":2},"end":{"line":466,"column":10}},"loc":{"start":{"line":466,"column":10},"end":{"line":468,"column":3}}}},"branchMap":{"0":{"loc":{"start":{"line":66,"column":29},"end":{"line":66,"column":89}},"type":"cond-expr","locations":[{"start":{"line":66,"column":62},"end":{"line":66,"column":74}},{"start":{"line":66,"column":77},"end":{"line":66,"column":89}}]},"1":{"loc":{"start":{"line":78,"column":8},"end":{"line":84,"column":9}},"type":"if","locations":[{"start":{"line":78,"column":8},"end":{"line":84,"column":9}},{"start":{"line":81,"column":15},"end":{"line":84,"column":9}}]},"2":{"loc":{"start":{"line":81,"column":15},"end":{"line":84,"column":9}},"type":"if","locations":[{"start":{"line":81,"column":15},"end":{"line":84,"column":9}},{"start":{},"end":{}}]},"3":{"loc":{"start":{"line":98,"column":12},"end":{"line":98,"column":47}},"type":"if","locations":[{"start":{"line":98,"column":12},"end":{"line":98,"column":47}},{"start":{},"end":{}}]},"4":{"loc":{"start":{"line":98,"column":16},"end":{"line":98,"column":36}},"type":"binary-expr","locations":[{"start":{"line":98,"column":16},"end":{"line":98,"column":24}},{"start":{"line":98,"column":28},"end":{"line":98,"column":36}}]},"5":{"loc":{"start":{"line":102,"column":12},"end":{"line":111,"column":13}},"type":"if","locations":[{"start":{"line":102,"column":12},"end":{"line":111,"column":13}},{"start":{},"end":{}}]},"6":{"loc":{"start":{"line":102,"column":16},"end":{"line":102,"column":72}},"type":"binary-expr","locations":[{"start":{"line":102,"column":16},"end":{"line":102,"column":23}},{"start":{"line":102,"column":27},"end":{"line":102,"column":42}},{"start":{"line":102,"column":46},"end":{"line":102,"column":53}},{"start":{"line":102,"column":57},"end":{"line":102,"column":72}}]},"7":{"loc":{"start":{"line":104,"column":14},"end":{"line":110,"column":15}},"type":"if","locations":[{"start":{"line":104,"column":14},"end":{"line":110,"column":15}},{"start":{},"end":{}}]},"8":{"loc":{"start":{"line":106,"column":16},"end":{"line":109,"column":17}},"type":"if","locations":[{"start":{"line":106,"column":16},"end":{"line":109,"column":17}},{"start":{},"end":{}}]},"9":{"loc":{"start":{"line":125,"column":8},"end":{"line":147,"column":9}},"type":"if","locations":[{"start":{"line":125,"column":8},"end":{"line":147,"column":9}},{"start":{},"end":{}}]},"10":{"loc":{"start":{"line":131,"column":10},"end":{"line":139,"column":11}},"type":"if","locations":[{"start":{"line":131,"column":10},"end":{"line":139,"column":11}},{"start":{"line":133,"column":17},"end":{"line":139,"column":11}}]},"11":{"loc":{"start":{"line":131,"column":14},"end":{"line":131,"column":59}},"type":"binary-expr","locations":[{"start":{"line":131,"column":14},"end":{"line":131,"column":33}},{"start":{"line":131,"column":37},"end":{"line":131,"column":59}}]},"12":{"loc":{"start":{"line":133,"column":17},"end":{"line":139,"column":11}},"type":"if","locations":[{"start":{"line":133,"column":17},"end":{"line":139,"column":11}},{"start":{"line":135,"column":17},"end":{"line":139,"column":11}}]},"13":{"loc":{"start":{"line":135,"column":17},"end":{"line":139,"column":11}},"type":"if","locations":[{"start":{"line":135,"column":17},"end":{"line":139,"column":11}},{"start":{"line":137,"column":17},"end":{"line":139,"column":11}}]},"14":{"loc":{"start":{"line":143,"column":10},"end":{"line":146,"column":11}},"type":"if","locations":[{"start":{"line":143,"column":10},"end":{"line":146,"column":11}},{"start":{},"end":{}}]},"15":{"loc":{"start":{"line":151,"column":4},"end":{"line":153,"column":5}},"type":"if","locations":[{"start":{"line":151,"column":4},"end":{"line":153,"column":5}},{"start":{},"end":{}}]},"16":{"loc":{"start":{"line":183,"column":4},"end":{"line":185,"column":5}},"type":"if","locations":[{"start":{"line":183,"column":4},"end":{"line":185,"column":5}},{"start":{},"end":{}}]},"17":{"loc":{"start":{"line":187,"column":4},"end":{"line":247,"column":5}},"type":"if","locations":[{"start":{"line":187,"column":4},"end":{"line":247,"column":5}},{"start":{},"end":{}}]},"18":{"loc":{"start":{"line":187,"column":8},"end":{"line":187,"column":74}},"type":"binary-expr","locations":[{"start":{"line":187,"column":8},"end":{"line":187,"column":43}},{"start":{"line":187,"column":47},"end":{"line":187,"column":74}}]},"19":{"loc":{"start":{"line":191,"column":8},"end":{"line":194,"column":9}},"type":"if","locations":[{"start":{"line":191,"column":8},"end":{"line":194,"column":9}},{"start":{},"end":{}}]},"20":{"loc":{"start":{"line":191,"column":12},"end":{"line":191,"column":56}},"type":"binary-expr","locations":[{"start":{"line":191,"column":12},"end":{"line":191,"column":22}},{"start":{"line":191,"column":26},"end":{"line":191,"column":56}}]},"21":{"loc":{"start":{"line":199,"column":23},"end":{"line":199,"column":58}},"type":"cond-expr","locations":[{"start":{"line":199,"column":47},"end":{"line":199,"column":54}},{"start":{"line":199,"column":57},"end":{"line":199,"column":58}}]},"22":{"loc":{"start":{"line":200,"column":23},"end":{"line":200,"column":58}},"type":"cond-expr","locations":[{"start":{"line":200,"column":47},"end":{"line":200,"column":54}},{"start":{"line":200,"column":57},"end":{"line":200,"column":58}}]},"23":{"loc":{"start":{"line":204,"column":6},"end":{"line":244,"column":7}},"type":"if","locations":[{"start":{"line":204,"column":6},"end":{"line":244,"column":7}},{"start":{},"end":{}}]},"24":{"loc":{"start":{"line":204,"column":10},"end":{"line":204,"column":101}},"type":"binary-expr","locations":[{"start":{"line":204,"column":10},"end":{"line":204,"column":45}},{"start":{"line":204,"column":49},"end":{"line":204,"column":101}}]},"25":{"loc":{"start":{"line":206,"column":8},"end":{"line":240,"column":9}},"type":"if","locations":[{"start":{"line":206,"column":8},"end":{"line":240,"column":9}},{"start":{},"end":{}}]},"26":{"loc":{"start":{"line":211,"column":12},"end":{"line":218,"column":13}},"type":"if","locations":[{"start":{"line":211,"column":12},"end":{"line":218,"column":13}},{"start":{"line":216,"column":19},"end":{"line":218,"column":13}}]},"27":{"loc":{"start":{"line":212,"column":14},"end":{"line":214,"column":15}},"type":"if","locations":[{"start":{"line":212,"column":14},"end":{"line":214,"column":15}},{"start":{},"end":{}}]},"28":{"loc":{"start":{"line":216,"column":19},"end":{"line":218,"column":13}},"type":"if","locations":[{"start":{"line":216,"column":19},"end":{"line":218,"column":13}},{"start":{},"end":{}}]},"29":{"loc":{"start":{"line":216,"column":23},"end":{"line":216,"column":82}},"type":"binary-expr","locations":[{"start":{"line":216,"column":23},"end":{"line":216,"column":49}},{"start":{"line":216,"column":53},"end":{"line":216,"column":82}}]},"30":{"loc":{"start":{"line":224,"column":10},"end":{"line":239,"column":11}},"type":"if","locations":[{"start":{"line":224,"column":10},"end":{"line":239,"column":11}},{"start":{},"end":{}}]},"31":{"loc":{"start":{"line":251,"column":4},"end":{"line":268,"column":5}},"type":"if","locations":[{"start":{"line":251,"column":4},"end":{"line":268,"column":5}},{"start":{"line":253,"column":11},"end":{"line":268,"column":5}}]},"32":{"loc":{"start":{"line":251,"column":8},"end":{"line":251,"column":82}},"type":"binary-expr","locations":[{"start":{"line":251,"column":8},"end":{"line":251,"column":43}},{"start":{"line":251,"column":47},"end":{"line":251,"column":82}}]},"33":{"loc":{"start":{"line":253,"column":11},"end":{"line":268,"column":5}},"type":"if","locations":[{"start":{"line":253,"column":11},"end":{"line":268,"column":5}},{"start":{},"end":{}}]},"34":{"loc":{"start":{"line":255,"column":24},"end":{"line":255,"column":98}},"type":"cond-expr","locations":[{"start":{"line":255,"column":68},"end":{"line":255,"column":94}},{"start":{"line":255,"column":97},"end":{"line":255,"column":98}}]},"35":{"loc":{"start":{"line":258,"column":8},"end":{"line":263,"column":9}},"type":"if","locations":[{"start":{"line":258,"column":8},"end":{"line":263,"column":9}},{"start":{"line":260,"column":15},"end":{"line":263,"column":9}}]},"36":{"loc":{"start":{"line":271,"column":4},"end":{"line":273,"column":5}},"type":"if","locations":[{"start":{"line":271,"column":4},"end":{"line":273,"column":5}},{"start":{},"end":{}}]},"37":{"loc":{"start":{"line":275,"column":17},"end":{"line":275,"column":52}},"type":"cond-expr","locations":[{"start":{"line":275,"column":30},"end":{"line":275,"column":45}},{"start":{"line":275,"column":48},"end":{"line":275,"column":52}}]},"38":{"loc":{"start":{"line":276,"column":4},"end":{"line":278,"column":5}},"type":"if","locations":[{"start":{"line":276,"column":4},"end":{"line":278,"column":5}},{"start":{},"end":{}}]},"39":{"loc":{"start":{"line":301,"column":6},"end":{"line":306,"column":7}},"type":"if","locations":[{"start":{"line":301,"column":6},"end":{"line":306,"column":7}},{"start":{},"end":{}}]},"40":{"loc":{"start":{"line":303,"column":24},"end":{"line":303,"column":97}},"type":"cond-expr","locations":[{"start":{"line":303,"column":70},"end":{"line":303,"column":82}},{"start":{"line":303,"column":85},"end":{"line":303,"column":97}}]},"41":{"loc":{"start":{"line":304,"column":9},"end":{"line":304,"column":53}},"type":"if","locations":[{"start":{"line":304,"column":9},"end":{"line":304,"column":53}},{"start":{},"end":{}}]},"42":{"loc":{"start":{"line":314,"column":4},"end":{"line":336,"column":5}},"type":"if","locations":[{"start":{"line":314,"column":4},"end":{"line":336,"column":5}},{"start":{"line":333,"column":11},"end":{"line":336,"column":5}}]},"43":{"loc":{"start":{"line":314,"column":8},"end":{"line":314,"column":88}},"type":"binary-expr","locations":[{"start":{"line":314,"column":8},"end":{"line":314,"column":52}},{"start":{"line":314,"column":56},"end":{"line":314,"column":88}}]},"44":{"loc":{"start":{"line":317,"column":6},"end":{"line":321,"column":7}},"type":"if","locations":[{"start":{"line":317,"column":6},"end":{"line":321,"column":7}},{"start":{},"end":{}}]},"45":{"loc":{"start":{"line":318,"column":8},"end":{"line":318,"column":52}},"type":"if","locations":[{"start":{"line":318,"column":8},"end":{"line":318,"column":52}},{"start":{},"end":{}}]},"46":{"loc":{"start":{"line":319,"column":8},"end":{"line":319,"column":47}},"type":"if","locations":[{"start":{"line":319,"column":8},"end":{"line":319,"column":47}},{"start":{},"end":{}}]},"47":{"loc":{"start":{"line":326,"column":6},"end":{"line":332,"column":7}},"type":"if","locations":[{"start":{"line":326,"column":6},"end":{"line":332,"column":7}},{"start":{"line":328,"column":13},"end":{"line":332,"column":7}}]},"48":{"loc":{"start":{"line":347,"column":33},"end":{"line":347,"column":111}},"type":"cond-expr","locations":[{"start":{"line":347,"column":84},"end":{"line":347,"column":96}},{"start":{"line":347,"column":99},"end":{"line":347,"column":111}}]},"49":{"loc":{"start":{"line":349,"column":6},"end":{"line":354,"column":7}},"type":"if","locations":[{"start":{"line":349,"column":6},"end":{"line":354,"column":7}},{"start":{"line":351,"column":13},"end":{"line":354,"column":7}}]},"50":{"loc":{"start":{"line":364,"column":11},"end":{"line":364,"column":75}},"type":"binary-expr","locations":[{"start":{"line":364,"column":11},"end":{"line":364,"column":44}},{"start":{"line":364,"column":48},"end":{"line":364,"column":75}}]},"51":{"loc":{"start":{"line":377,"column":6},"end":{"line":379,"column":7}},"type":"if","locations":[{"start":{"line":377,"column":6},"end":{"line":379,"column":7}},{"start":{},"end":{}}]},"52":{"loc":{"start":{"line":385,"column":6},"end":{"line":388,"column":7}},"type":"if","locations":[{"start":{"line":385,"column":6},"end":{"line":388,"column":7}},{"start":{},"end":{}}]},"53":{"loc":{"start":{"line":409,"column":6},"end":{"line":412,"column":7}},"type":"if","locations":[{"start":{"line":409,"column":6},"end":{"line":412,"column":7}},{"start":{},"end":{}}]},"54":{"loc":{"start":{"line":418,"column":15},"end":{"line":418,"column":85}},"type":"binary-expr","locations":[{"start":{"line":418,"column":15},"end":{"line":418,"column":56}},{"start":{"line":418,"column":60},"end":{"line":418,"column":85}}]},"55":{"loc":{"start":{"line":434,"column":8},"end":{"line":459,"column":9}},"type":"if","locations":[{"start":{"line":434,"column":8},"end":{"line":459,"column":9}},{"start":{"line":456,"column":15},"end":{"line":459,"column":9}}]},"56":{"loc":{"start":{"line":438,"column":12},"end":{"line":440,"column":13}},"type":"if","locations":[{"start":{"line":438,"column":12},"end":{"line":440,"column":13}},{"start":{},"end":{}}]},"57":{"loc":{"start":{"line":446,"column":29},"end":{"line":446,"column":99}},"type":"cond-expr","locations":[{"start":{"line":446,"column":48},"end":{"line":446,"column":95}},{"start":{"line":446,"column":98},"end":{"line":446,"column":99}}]},"58":{"loc":{"start":{"line":449,"column":10},"end":{"line":455,"column":11}},"type":"if","locations":[{"start":{"line":449,"column":10},"end":{"line":455,"column":11}},{"start":{"line":451,"column":17},"end":{"line":455,"column":11}}]},"59":{"loc":{"start":{"line":449,"column":14},"end":{"line":449,"column":65}},"type":"binary-expr","locations":[{"start":{"line":449,"column":14},"end":{"line":449,"column":30}},{"start":{"line":449,"column":34},"end":{"line":449,"column":65}}]},"60":{"loc":{"start":{"line":453,"column":35},"end":{"line":453,"column":123}},"type":"cond-expr","locations":[{"start":{"line":453,"column":70},"end":{"line":453,"column":99}},{"start":{"line":453,"column":102},"end":{"line":453,"column":123}}]}},"s":{"0":1,"1":1,"2":1,"3":52,"4":845730,"5":97422,"6":1882,"7":52,"8":52,"9":52,"10":97422,"11":97422,"12":99304,"13":1882,"14":1882,"15":26,"16":26,"17":26,"18":26,"19":26,"20":26,"21":26,"22":26,"23":26,"24":26,"25":26,"26":26,"27":26,"28":941,"29":941,"30":941,"31":941,"32":941,"33":941,"34":941,"35":7528,"36":7528,"37":60224,"38":60224,"39":949,"40":949,"41":59275,"42":610,"43":610,"44":941,"45":1882,"46":97422,"47":97422,"48":97422,"49":97422,"50":97422,"51":97422,"52":292266,"53":292266,"54":876798,"55":97422,"56":779376,"57":779376,"58":779376,"59":639124,"60":630978,"61":95863,"62":95863,"63":941,"64":941,"65":941,"66":941,"67":941,"68":941,"69":7528,"70":7528,"71":60224,"72":58665,"73":58665,"74":58665,"75":58665,"76":64,"77":58601,"78":8,"79":58593,"80":21331,"81":37262,"82":58665,"83":58665,"84":40067,"85":40067,"86":941,"87":35,"88":906,"89":27,"90":6,"91":5,"92":0,"93":0,"94":0,"95":380,"96":0,"97":380,"98":11,"99":11,"100":588,"101":588,"102":588,"103":588,"104":11,"105":1916,"106":1916,"107":1916,"108":11,"109":6,"110":6,"111":6,"112":6,"113":6,"114":6,"115":176,"116":176,"117":142,"118":6,"119":142,"120":34,"121":3,"122":6,"123":6,"124":6,"125":3,"126":3,"127":3,"128":135,"129":135,"130":3,"131":6,"132":11,"133":380,"134":380,"135":311,"136":69,"137":69,"138":69,"139":69,"140":69,"141":2027,"142":2022,"143":5,"144":69,"145":380,"146":380,"147":380,"148":380,"149":380,"150":0,"151":380,"152":380,"153":23302,"154":380,"155":380,"156":3,"157":3,"158":3,"159":3,"160":3,"161":3,"162":2,"163":1,"164":0,"165":0,"166":382,"167":381,"168":381,"169":3,"170":1,"171":2,"172":1,"173":1,"174":378,"175":378,"176":377,"177":1,"178":1,"179":1,"180":377,"181":377,"182":986,"183":986,"184":986,"185":377,"186":609,"187":986,"188":377,"189":377,"190":232,"191":377,"192":232,"193":232,"194":232,"195":232,"196":14740,"197":0,"198":14740,"199":14740,"200":14740,"201":14740,"202":1256,"203":1256,"204":232,"205":6,"206":6,"207":6,"208":6,"209":320,"210":6,"211":1,"212":1,"213":5,"214":7,"215":7,"216":377,"217":377,"218":377,"219":377,"220":377,"221":7,"222":5,"223":5,"224":145,"225":2,"226":5,"227":5,"228":4,"229":1,"230":1,"231":2,"232":5,"233":0,"234":1},"f":{"0":52,"1":845730,"2":97422,"3":1882,"4":52,"5":97422,"6":97422,"7":99304,"8":1882,"9":941,"10":1882,"11":27,"12":6,"13":5,"14":0,"15":0,"16":0,"17":380,"18":1916,"19":23302,"20":3,"21":382,"22":377,"23":377,"24":232,"25":6,"26":6,"27":320,"28":7,"29":0},"b":{"0":[622,319],"1":[949,59275],"2":[610,58665],"3":[97422,779376],"4":[876798,292266],"5":[639124,140252],"6":[779376,742875,706200,672574],"7":[630978,8146],"8":[95863,535115],"9":[58665,1559],"10":[64,58601],"11":[58665,72],"12":[8,58593],"13":[21331,37262],"14":[40067,18598],"15":[35,906],"16":[0,380],"17":[11,369],"18":[380,90],"19":[588,0],"20":[588,588],"21":[1916,0],"22":[1916,0],"23":[6,5],"24":[11,6],"25":[6,0],"26":[142,34],"27":[6,136],"28":[3,31],"29":[34,34],"30":[3,3],"31":[311,69],"32":[380,90],"33":[69,0],"34":[69,0],"35":[2022,5],"36":[380,0],"37":[380,0],"38":[0,380],"39":[3,0],"40":[0,3],"41":[2,1],"42":[381,1],"43":[382,2],"44":[3,378],"45":[1,2],"46":[1,1],"47":[377,1],"48":[607,379],"49":[377,609],"50":[609,232],"51":[0,14740],"52":[1256,13484],"53":[1,5],"54":[384,379],"55":[5,2],"56":[2,143],"57":[4,1],"58":[4,1],"59":[5,4],"60":[1,0]}}
,"/app/src/components/Display.ts": {"path":"/app/src/components/Display.ts","statementMap":{"0":{"start":{"line":4,"column":0},"end":{"line":4,"column":46}},"1":{"start":{"line":6,"column":0},"end":{"line":6,"column":42}},"2":{"start":{"line":15,"column":4},"end":{"line":15,"column":41}},"3":{"start":{"line":16,"column":4},"end":{"line":16,"column":31}},"4":{"start":{"line":17,"column":4},"end":{"line":17,"column":24}},"5":{"start":{"line":21,"column":4},"end":{"line":21,"column":39}},"6":{"start":{"line":22,"column":4},"end":{"line":30,"column":5}},"7":{"start":{"line":22,"column":17},"end":{"line":22,"column":18}},"8":{"start":{"line":23,"column":6},"end":{"line":29,"column":7}},"9":{"start":{"line":23,"column":19},"end":{"line":23,"column":20}},"10":{"start":{"line":24,"column":21},"end":{"line":24,"column":50}},"11":{"start":{"line":25,"column":8},"end":{"line":25,"column":38}},"12":{"start":{"line":26,"column":8},"end":{"line":26,"column":38}},"13":{"start":{"line":27,"column":8},"end":{"line":27,"column":38}},"14":{"start":{"line":28,"column":8},"end":{"line":28,"column":46}},"15":{"start":{"line":32,"column":4},"end":{"line":32,"column":83}},"16":{"start":{"line":36,"column":4},"end":{"line":36,"column":36}},"17":{"start":{"line":36,"column":29},"end":{"line":36,"column":36}},"18":{"start":{"line":38,"column":19},"end":{"line":38,"column":46}},"19":{"start":{"line":39,"column":17},"end":{"line":39,"column":61}},"20":{"start":{"line":41,"column":4},"end":{"line":47,"column":5}},"21":{"start":{"line":42,"column":16},"end":{"line":42,"column":45}},"22":{"start":{"line":43,"column":16},"end":{"line":43,"column":45}},"23":{"start":{"line":44,"column":6},"end":{"line":46,"column":7}},"24":{"start":{"line":45,"column":8},"end":{"line":45,"column":37}},"25":{"start":{"line":51,"column":18},"end":{"line":51,"column":69}},"26":{"start":{"line":52,"column":4},"end":{"line":71,"column":5}},"27":{"start":{"line":52,"column":17},"end":{"line":52,"column":18}},"28":{"start":{"line":53,"column":19},"end":{"line":53,"column":42}},"29":{"start":{"line":54,"column":16},"end":{"line":54,"column":45}},"30":{"start":{"line":55,"column":16},"end":{"line":55,"column":45}},"31":{"start":{"line":57,"column":6},"end":{"line":57,"column":26}},"32":{"start":{"line":59,"column":21},"end":{"line":59,"column":38}},"33":{"start":{"line":60,"column":6},"end":{"line":70,"column":7}},"34":{"start":{"line":61,"column":22},"end":{"line":61,"column":51}},"35":{"start":{"line":62,"column":8},"end":{"line":62,"column":37}},"36":{"start":{"line":63,"column":8},"end":{"line":63,"column":73}},"37":{"start":{"line":65,"column":8},"end":{"line":67,"column":9}},"38":{"start":{"line":66,"column":10},"end":{"line":66,"column":43}},"39":{"start":{"line":69,"column":8},"end":{"line":69,"column":32}},"40":{"start":{"line":75,"column":4},"end":{"line":77,"column":5}},"41":{"start":{"line":76,"column":6},"end":{"line":76,"column":28}},"42":{"start":{"line":78,"column":4},"end":{"line":78,"column":39}},"43":{"start":{"line":82,"column":4},"end":{"line":104,"column":5}},"44":{"start":{"line":83,"column":6},"end":{"line":85,"column":7}},"45":{"start":{"line":84,"column":8},"end":{"line":84,"column":94}},"46":{"start":{"line":87,"column":25},"end":{"line":87,"column":61}},"47":{"start":{"line":88,"column":23},"end":{"line":88,"column":53}},"48":{"start":{"line":90,"column":6},"end":{"line":90,"column":35}},"49":{"start":{"line":91,"column":6},"end":{"line":91,"column":54}},"50":{"start":{"line":93,"column":6},"end":{"line":93,"column":31}},"51":{"start":{"line":94,"column":6},"end":{"line":94,"column":78}},"52":{"start":{"line":95,"column":6},"end":{"line":95,"column":98}},"53":{"start":{"line":97,"column":6},"end":{"line":97,"column":71}},"54":{"start":{"line":98,"column":6},"end":{"line":98,"column":92}},"55":{"start":{"line":100,"column":6},"end":{"line":100,"column":25}},"56":{"start":{"line":101,"column":6},"end":{"line":101,"column":59}},"57":{"start":{"line":103,"column":6},"end":{"line":103,"column":46}},"58":{"start":{"line":108,"column":4},"end":{"line":108,"column":34}},"59":{"start":{"line":8,"column":0},"end":{"line":8,"column":13}}},"fnMap":{"0":{"name":"(anonymous_0)","decl":{"start":{"line":14,"column":2},"end":{"line":14,"column":14}},"loc":{"start":{"line":14,"column":63},"end":{"line":18,"column":3}}},"1":{"name":"(anonymous_1)","decl":{"start":{"line":20,"column":10},"end":{"line":20,"column":22}},"loc":{"start":{"line":20,"column":22},"end":{"line":33,"column":3}}},"2":{"name":"(anonymous_2)","decl":{"start":{"line":35,"column":10},"end":{"line":35,"column":25}},"loc":{"start":{"line":35,"column":43},"end":{"line":48,"column":3}}},"3":{"name":"(anonymous_3)","decl":{"start":{"line":50,"column":2},"end":{"line":50,"column":13}},"loc":{"start":{"line":50,"column":30},"end":{"line":72,"column":3}}},"4":{"name":"(anonymous_4)","decl":{"start":{"line":74,"column":2},"end":{"line":74,"column":22}},"loc":{"start":{"line":74,"column":38},"end":{"line":79,"column":3}}},"5":{"name":"(anonymous_5)","decl":{"start":{"line":81,"column":10},"end":{"line":81,"column":24}},"loc":{"start":{"line":81,"column":24},"end":{"line":105,"column":3}}},"6":{"name":"(anonymous_6)","decl":{"start":{"line":107,"column":2},"end":{"line":107,"column":17}},"loc":{"start":{"line":107,"column":48},"end":{"line":109,"column":3}}}},"branchMap":{"0":{"loc":{"start":{"line":36,"column":4},"end":{"line":36,"column":36}},"type":"if","locations":[{"start":{"line":36,"column":4},"end":{"line":36,"column":36}},{"start":{},"end":{}}]},"1":{"loc":{"start":{"line":41,"column":4},"end":{"line":47,"column":5}},"type":"if","locations":[{"start":{"line":41,"column":4},"end":{"line":47,"column":5}},{"start":{},"end":{}}]},"2":{"loc":{"start":{"line":44,"column":6},"end":{"line":46,"column":7}},"type":"if","locations":[{"start":{"line":44,"column":6},"end":{"line":46,"column":7}},{"start":{},"end":{}}]},"3":{"loc":{"start":{"line":44,"column":10},"end":{"line":44,"column":32}},"type":"binary-expr","locations":[{"start":{"line":44,"column":10},"end":{"line":44,"column":19}},{"start":{"line":44,"column":23},"end":{"line":44,"column":32}}]},"4":{"loc":{"start":{"line":60,"column":6},"end":{"line":70,"column":7}},"type":"if","locations":[{"start":{"line":60,"column":6},"end":{"line":70,"column":7}},{"start":{},"end":{}}]},"5":{"loc":{"start":{"line":63,"column":28},"end":{"line":63,"column":71}},"type":"cond-expr","locations":[{"start":{"line":63,"column":54},"end":{"line":63,"column":61}},{"start":{"line":63,"column":64},"end":{"line":63,"column":71}}]},"6":{"loc":{"start":{"line":65,"column":8},"end":{"line":67,"column":9}},"type":"if","locations":[{"start":{"line":65,"column":8},"end":{"line":67,"column":9}},{"start":{},"end":{}}]},"7":{"loc":{"start":{"line":65,"column":12},"end":{"line":65,"column":78}},"type":"binary-expr","locations":[{"start":{"line":65,"column":12},"end":{"line":65,"column":26}},{"start":{"line":65,"column":30},"end":{"line":65,"column":52}},{"start":{"line":65,"column":56},"end":{"line":65,"column":78}}]},"8":{"loc":{"start":{"line":75,"column":4},"end":{"line":77,"column":5}},"type":"if","locations":[{"start":{"line":75,"column":4},"end":{"line":77,"column":5}},{"start":{},"end":{}}]},"9":{"loc":{"start":{"line":83,"column":6},"end":{"line":85,"column":7}},"type":"if","locations":[{"start":{"line":83,"column":6},"end":{"line":85,"column":7}},{"start":{},"end":{}}]},"10":{"loc":{"start":{"line":84,"column":33},"end":{"line":84,"column":90}},"type":"binary-expr","locations":[{"start":{"line":84,"column":33},"end":{"line":84,"column":52}},{"start":{"line":84,"column":57},"end":{"line":84,"column":90}}]}},"s":{"0":1,"1":1,"2":5,"3":5,"4":5,"5":5,"6":5,"7":5,"8":40,"9":40,"10":320,"11":320,"12":320,"13":320,"14":320,"15":5,"16":1,"17":0,"18":1,"19":1,"20":1,"21":1,"22":1,"23":1,"24":1,"25":1,"26":1,"27":1,"28":64,"29":64,"30":64,"31":64,"32":64,"33":64,"34":2,"35":2,"36":2,"37":2,"38":1,"39":2,"40":2,"41":1,"42":2,"43":1,"44":1,"45":1,"46":1,"47":1,"48":1,"49":1,"50":1,"51":1,"52":1,"53":1,"54":1,"55":1,"56":1,"57":0,"58":1,"59":1},"f":{"0":5,"1":5,"2":1,"3":1,"4":2,"5":1,"6":1},"b":{"0":[0,1],"1":[1,0],"2":[1,0],"3":[1,1],"4":[2,62],"5":[1,1],"6":[1,1],"7":[2,2,1],"8":[1,1],"9":[1,0],"10":[1,0]}}
,"/app/src/components/GameController.ts": {"path":"/app/src/components/GameController.ts","statementMap":{"0":{"start":{"line":8,"column":0},"end":{"line":8,"column":46}},"1":{"start":{"line":15,"column":34},"end":{"line":15,"column":39}},"2":{"start":{"line":16,"column":32},"end":{"line":16,"column":36}},"3":{"start":{"line":17,"column":32},"end":{"line":17,"column":44}},"4":{"start":{"line":20,"column":4},"end":{"line":20,"column":25}},"5":{"start":{"line":21,"column":4},"end":{"line":21,"column":27}},"6":{"start":{"line":22,"column":4},"end":{"line":22,"column":31}},"7":{"start":{"line":23,"column":4},"end":{"line":23,"column":29}},"8":{"start":{"line":25,"column":4},"end":{"line":25,"column":71}},"9":{"start":{"line":29,"column":4},"end":{"line":34,"column":5}},"10":{"start":{"line":30,"column":22},"end":{"line":30,"column":111}},"11":{"start":{"line":31,"column":6},"end":{"line":33,"column":7}},"12":{"start":{"line":32,"column":8},"end":{"line":32,"column":15}},"13":{"start":{"line":36,"column":4},"end":{"line":36,"column":33}},"14":{"start":{"line":37,"column":4},"end":{"line":37,"column":35}},"15":{"start":{"line":38,"column":4},"end":{"line":38,"column":46}},"16":{"start":{"line":39,"column":4},"end":{"line":39,"column":28}},"17":{"start":{"line":40,"column":4},"end":{"line":40,"column":30}},"18":{"start":{"line":42,"column":4},"end":{"line":42,"column":46}},"19":{"start":{"line":43,"column":4},"end":{"line":43,"column":74}},"20":{"start":{"line":44,"column":4},"end":{"line":44,"column":80}},"21":{"start":{"line":45,"column":4},"end":{"line":45,"column":80}},"22":{"start":{"line":46,"column":4},"end":{"line":46,"column":80}},"23":{"start":{"line":47,"column":4},"end":{"line":47,"column":69}},"24":{"start":{"line":49,"column":4},"end":{"line":49,"column":40}},"25":{"start":{"line":51,"column":25},"end":{"line":51,"column":51}},"26":{"start":{"line":52,"column":4},"end":{"line":52,"column":43}},"27":{"start":{"line":54,"column":4},"end":{"line":56,"column":5}},"28":{"start":{"line":55,"column":6},"end":{"line":55,"column":26}},"29":{"start":{"line":60,"column":4},"end":{"line":60,"column":32}},"30":{"start":{"line":60,"column":25},"end":{"line":60,"column":32}},"31":{"start":{"line":62,"column":4},"end":{"line":65,"column":5}},"32":{"start":{"line":63,"column":6},"end":{"line":63,"column":74}},"33":{"start":{"line":64,"column":6},"end":{"line":64,"column":13}},"34":{"start":{"line":67,"column":18},"end":{"line":67,"column":44}},"35":{"start":{"line":68,"column":4},"end":{"line":71,"column":5}},"36":{"start":{"line":70,"column":7},"end":{"line":70,"column":14}},"37":{"start":{"line":73,"column":20},"end":{"line":73,"column":56}},"38":{"start":{"line":75,"column":4},"end":{"line":84,"column":5}},"39":{"start":{"line":76,"column":16},"end":{"line":76,"column":57}},"40":{"start":{"line":78,"column":6},"end":{"line":80,"column":7}},"41":{"start":{"line":79,"column":10},"end":{"line":79,"column":81}},"42":{"start":{"line":82,"column":6},"end":{"line":82,"column":45}},"43":{"start":{"line":83,"column":6},"end":{"line":83,"column":13}},"44":{"start":{"line":86,"column":21},"end":{"line":86,"column":47}},"45":{"start":{"line":87,"column":4},"end":{"line":87,"column":39}},"46":{"start":{"line":88,"column":4},"end":{"line":88,"column":72}},"47":{"start":{"line":90,"column":19},"end":{"line":90,"column":52}},"48":{"start":{"line":91,"column":4},"end":{"line":95,"column":5}},"49":{"start":{"line":92,"column":6},"end":{"line":92,"column":34}},"50":{"start":{"line":94,"column":6},"end":{"line":94,"column":26}},"51":{"start":{"line":99,"column":4},"end":{"line":99,"column":32}},"52":{"start":{"line":99,"column":25},"end":{"line":99,"column":32}},"53":{"start":{"line":101,"column":4},"end":{"line":101,"column":29}},"54":{"start":{"line":102,"column":4},"end":{"line":102,"column":51}},"55":{"start":{"line":104,"column":25},"end":{"line":104,"column":51}},"56":{"start":{"line":105,"column":19},"end":{"line":105,"column":70}},"57":{"start":{"line":107,"column":4},"end":{"line":107,"column":43}},"58":{"start":{"line":109,"column":21},"end":{"line":109,"column":47}},"59":{"start":{"line":110,"column":4},"end":{"line":110,"column":39}},"60":{"start":{"line":111,"column":4},"end":{"line":111,"column":73}},"61":{"start":{"line":114,"column":18},"end":{"line":114,"column":42}},"62":{"start":{"line":115,"column":4},"end":{"line":117,"column":5}},"63":{"start":{"line":116,"column":7},"end":{"line":116,"column":100}},"64":{"start":{"line":119,"column":4},"end":{"line":119,"column":30}},"65":{"start":{"line":121,"column":19},"end":{"line":121,"column":52}},"66":{"start":{"line":122,"column":4},"end":{"line":124,"column":5}},"67":{"start":{"line":123,"column":6},"end":{"line":123,"column":34}},"68":{"start":{"line":128,"column":4},"end":{"line":128,"column":97}},"69":{"start":{"line":132,"column":4},"end":{"line":132,"column":27}},"70":{"start":{"line":133,"column":23},"end":{"line":133,"column":66}},"71":{"start":{"line":134,"column":20},"end":{"line":134,"column":52}},"72":{"start":{"line":135,"column":4},"end":{"line":135,"column":39}},"73":{"start":{"line":10,"column":0},"end":{"line":10,"column":13}}},"fnMap":{"0":{"name":"(anonymous_0)","decl":{"start":{"line":19,"column":2},"end":{"line":19,"column":14}},"loc":{"start":{"line":19,"column":95},"end":{"line":26,"column":3}}},"1":{"name":"(anonymous_1)","decl":{"start":{"line":28,"column":2},"end":{"line":28,"column":11}},"loc":{"start":{"line":28,"column":59},"end":{"line":57,"column":3}}},"2":{"name":"(anonymous_2)","decl":{"start":{"line":59,"column":2},"end":{"line":59,"column":22}},"loc":{"start":{"line":59,"column":33},"end":{"line":96,"column":3}}},"3":{"name":"(anonymous_3)","decl":{"start":{"line":98,"column":2},"end":{"line":98,"column":7}},"loc":{"start":{"line":98,"column":20},"end":{"line":125,"column":3}}},"4":{"name":"(anonymous_4)","decl":{"start":{"line":127,"column":2},"end":{"line":127,"column":13}},"loc":{"start":{"line":127,"column":30},"end":{"line":129,"column":3}}},"5":{"name":"(anonymous_5)","decl":{"start":{"line":131,"column":2},"end":{"line":131,"column":16}},"loc":{"start":{"line":131,"column":31},"end":{"line":136,"column":3}}}},"branchMap":{"0":{"loc":{"start":{"line":29,"column":4},"end":{"line":34,"column":5}},"type":"if","locations":[{"start":{"line":29,"column":4},"end":{"line":34,"column":5}},{"start":{},"end":{}}]},"1":{"loc":{"start":{"line":31,"column":6},"end":{"line":33,"column":7}},"type":"if","locations":[{"start":{"line":31,"column":6},"end":{"line":33,"column":7}},{"start":{},"end":{}}]},"2":{"loc":{"start":{"line":47,"column":23},"end":{"line":47,"column":68}},"type":"cond-expr","locations":[{"start":{"line":47,"column":41},"end":{"line":47,"column":53}},{"start":{"line":47,"column":56},"end":{"line":47,"column":68}}]},"3":{"loc":{"start":{"line":54,"column":4},"end":{"line":56,"column":5}},"type":"if","locations":[{"start":{"line":54,"column":4},"end":{"line":56,"column":5}},{"start":{},"end":{}}]},"4":{"loc":{"start":{"line":60,"column":4},"end":{"line":60,"column":32}},"type":"if","locations":[{"start":{"line":60,"column":4},"end":{"line":60,"column":32}},{"start":{},"end":{}}]},"5":{"loc":{"start":{"line":62,"column":4},"end":{"line":65,"column":5}},"type":"if","locations":[{"start":{"line":62,"column":4},"end":{"line":65,"column":5}},{"start":{},"end":{}}]},"6":{"loc":{"start":{"line":68,"column":4},"end":{"line":71,"column":5}},"type":"if","locations":[{"start":{"line":68,"column":4},"end":{"line":71,"column":5}},{"start":{},"end":{}}]},"7":{"loc":{"start":{"line":75,"column":4},"end":{"line":84,"column":5}},"type":"if","locations":[{"start":{"line":75,"column":4},"end":{"line":84,"column":5}},{"start":{},"end":{}}]},"8":{"loc":{"start":{"line":78,"column":6},"end":{"line":80,"column":7}},"type":"if","locations":[{"start":{"line":78,"column":6},"end":{"line":80,"column":7}},{"start":{},"end":{}}]},"9":{"loc":{"start":{"line":91,"column":4},"end":{"line":95,"column":5}},"type":"if","locations":[{"start":{"line":91,"column":4},"end":{"line":95,"column":5}},{"start":{"line":93,"column":11},"end":{"line":95,"column":5}}]},"10":{"loc":{"start":{"line":99,"column":4},"end":{"line":99,"column":32}},"type":"if","locations":[{"start":{"line":99,"column":4},"end":{"line":99,"column":32}},{"start":{},"end":{}}]},"11":{"loc":{"start":{"line":115,"column":4},"end":{"line":117,"column":5}},"type":"if","locations":[{"start":{"line":115,"column":4},"end":{"line":117,"column":5}},{"start":{},"end":{}}]},"12":{"loc":{"start":{"line":122,"column":4},"end":{"line":124,"column":5}},"type":"if","locations":[{"start":{"line":122,"column":4},"end":{"line":124,"column":5}},{"start":{},"end":{}}]},"13":{"loc":{"start":{"line":133,"column":23},"end":{"line":133,"column":66}},"type":"cond-expr","locations":[{"start":{"line":133,"column":49},"end":{"line":133,"column":56}},{"start":{"line":133,"column":59},"end":{"line":133,"column":66}}]}},"s":{"0":1,"1":16,"2":16,"3":16,"4":16,"5":16,"6":16,"7":16,"8":16,"9":15,"10":2,"11":2,"12":1,"13":14,"14":14,"15":14,"16":14,"17":14,"18":14,"19":14,"20":14,"21":14,"22":14,"23":14,"24":14,"25":14,"26":14,"27":14,"28":2,"29":7,"30":1,"31":6,"32":1,"33":1,"34":5,"35":5,"36":1,"37":4,"38":4,"39":2,"40":2,"41":1,"42":2,"43":2,"44":2,"45":2,"46":2,"47":2,"48":2,"49":1,"50":1,"51":7,"52":1,"53":6,"54":6,"55":6,"56":6,"57":6,"58":6,"59":6,"60":6,"61":6,"62":6,"63":5,"64":6,"65":6,"66":6,"67":1,"68":1,"69":2,"70":2,"71":2,"72":2,"73":1},"f":{"0":16,"1":15,"2":7,"3":7,"4":1,"5":2},"b":{"0":[2,13],"1":[1,1],"2":[12,2],"3":[2,12],"4":[1,6],"5":[1,5],"6":[1,4],"7":[2,2],"8":[1,1],"9":[1,1],"10":[1,6],"11":[5,1],"12":[1,5],"13":[1,1]}}
,"/app/src/components/GameEngine.ts": {"path":"/app/src/components/GameEngine.ts","statementMap":{"0":{"start":{"line":4,"column":0},"end":{"line":4,"column":46}},"1":{"start":{"line":6,"column":44},"end":{"line":6,"column":45}},"2":{"start":{"line":7,"column":13},"end":{"line":7,"column":28}},"3":{"start":{"line":13,"column":4},"end":{"line":13,"column":50}},"4":{"start":{"line":17,"column":30},"end":{"line":17,"column":105}},"5":{"start":{"line":17,"column":69},"end":{"line":17,"column":104}},"6":{"start":{"line":18,"column":4},"end":{"line":22,"column":6}},"7":{"start":{"line":26,"column":4},"end":{"line":26,"column":50}},"8":{"start":{"line":30,"column":4},"end":{"line":30,"column":29}},"9":{"start":{"line":34,"column":31},"end":{"line":34,"column":33}},"10":{"start":{"line":35,"column":24},"end":{"line":35,"column":79}},"11":{"start":{"line":37,"column":4},"end":{"line":60,"column":5}},"12":{"start":{"line":37,"column":17},"end":{"line":37,"column":18}},"13":{"start":{"line":38,"column":6},"end":{"line":59,"column":7}},"14":{"start":{"line":38,"column":19},"end":{"line":38,"column":20}},"15":{"start":{"line":39,"column":8},"end":{"line":58,"column":9}},"16":{"start":{"line":40,"column":10},"end":{"line":57,"column":11}},"17":{"start":{"line":42,"column":12},"end":{"line":50,"column":13}},"18":{"start":{"line":43,"column":25},"end":{"line":43,"column":41}},"19":{"start":{"line":44,"column":25},"end":{"line":44,"column":41}},"20":{"start":{"line":45,"column":14},"end":{"line":49,"column":15}},"21":{"start":{"line":48,"column":16},"end":{"line":48,"column":25}},"22":{"start":{"line":51,"column":12},"end":{"line":51,"column":38}},"23":{"start":{"line":54,"column":12},"end":{"line":56,"column":13}},"24":{"start":{"line":55,"column":14},"end":{"line":55,"column":40}},"25":{"start":{"line":62,"column":4},"end":{"line":62,"column":22}},"26":{"start":{"line":66,"column":4},"end":{"line":78,"column":5}},"27":{"start":{"line":66,"column":18},"end":{"line":66,"column":20}},"28":{"start":{"line":67,"column":6},"end":{"line":77,"column":7}},"29":{"start":{"line":67,"column":20},"end":{"line":67,"column":22}},"30":{"start":{"line":68,"column":8},"end":{"line":68,"column":43}},"31":{"start":{"line":68,"column":34},"end":{"line":68,"column":43}},"32":{"start":{"line":69,"column":19},"end":{"line":69,"column":25}},"33":{"start":{"line":70,"column":19},"end":{"line":70,"column":25}},"34":{"start":{"line":72,"column":8},"end":{"line":76,"column":9}},"35":{"start":{"line":73,"column":10},"end":{"line":75,"column":11}},"36":{"start":{"line":74,"column":12},"end":{"line":74,"column":24}},"37":{"start":{"line":79,"column":4},"end":{"line":79,"column":17}},"38":{"start":{"line":83,"column":23},"end":{"line":83,"column":60}},"39":{"start":{"line":84,"column":20},"end":{"line":84,"column":74}},"40":{"start":{"line":84,"column":41},"end":{"line":84,"column":73}},"41":{"start":{"line":86,"column":4},"end":{"line":89,"column":5}},"42":{"start":{"line":87,"column":6},"end":{"line":87,"column":69}},"43":{"start":{"line":88,"column":6},"end":{"line":88,"column":18}},"44":{"start":{"line":91,"column":4},"end":{"line":91,"column":17}},"45":{"start":{"line":95,"column":21},"end":{"line":95,"column":53}},"46":{"start":{"line":95,"column":44},"end":{"line":95,"column":52}},"47":{"start":{"line":96,"column":4},"end":{"line":96,"column":51}},"48":{"start":{"line":98,"column":23},"end":{"line":98,"column":89}},"49":{"start":{"line":100,"column":4},"end":{"line":105,"column":6}},"50":{"start":{"line":109,"column":23},"end":{"line":109,"column":48}},"51":{"start":{"line":110,"column":4},"end":{"line":113,"column":5}},"52":{"start":{"line":112,"column":6},"end":{"line":112,"column":80}},"53":{"start":{"line":114,"column":4},"end":{"line":114,"column":21}},"54":{"start":{"line":9,"column":0},"end":{"line":9,"column":13}}},"fnMap":{"0":{"name":"(anonymous_0)","decl":{"start":{"line":12,"column":2},"end":{"line":12,"column":null}},"loc":{"start":{"line":12,"column":2},"end":{"line":14,"column":3}}},"1":{"name":"(anonymous_1)","decl":{"start":{"line":16,"column":10},"end":{"line":16,"column":28}},"loc":{"start":{"line":16,"column":28},"end":{"line":23,"column":3}}},"2":{"name":"(anonymous_2)","decl":{"start":{"line":17,"column":63},"end":{"line":17,"column":66}},"loc":{"start":{"line":17,"column":69},"end":{"line":17,"column":104}}},"3":{"name":"(anonymous_3)","decl":{"start":{"line":25,"column":2},"end":{"line":25,"column":16}},"loc":{"start":{"line":25,"column":16},"end":{"line":27,"column":3}}},"4":{"name":"(anonymous_4)","decl":{"start":{"line":29,"column":2},"end":{"line":29,"column":14}},"loc":{"start":{"line":29,"column":14},"end":{"line":31,"column":3}}},"5":{"name":"(anonymous_5)","decl":{"start":{"line":33,"column":2},"end":{"line":33,"column":15}},"loc":{"start":{"line":33,"column":32},"end":{"line":63,"column":3}}},"6":{"name":"(anonymous_6)","decl":{"start":{"line":65,"column":10},"end":{"line":65,"column":30}},"loc":{"start":{"line":65,"column":85},"end":{"line":80,"column":3}}},"7":{"name":"(anonymous_7)","decl":{"start":{"line":82,"column":2},"end":{"line":82,"column":20}},"loc":{"start":{"line":82,"column":31},"end":{"line":92,"column":3}}},"8":{"name":"(anonymous_8)","decl":{"start":{"line":84,"column":36},"end":{"line":84,"column":37}},"loc":{"start":{"line":84,"column":41},"end":{"line":84,"column":73}}},"9":{"name":"(anonymous_9)","decl":{"start":{"line":94,"column":2},"end":{"line":94,"column":14}},"loc":{"start":{"line":94,"column":43},"end":{"line":106,"column":3}}},"10":{"name":"(anonymous_10)","decl":{"start":{"line":95,"column":37},"end":{"line":95,"column":40}},"loc":{"start":{"line":95,"column":44},"end":{"line":95,"column":52}}},"11":{"name":"(anonymous_11)","decl":{"start":{"line":108,"column":2},"end":{"line":108,"column":13}},"loc":{"start":{"line":108,"column":30},"end":{"line":115,"column":3}}}},"branchMap":{"0":{"loc":{"start":{"line":39,"column":8},"end":{"line":58,"column":9}},"type":"if","locations":[{"start":{"line":39,"column":8},"end":{"line":58,"column":9}},{"start":{},"end":{}}]},"1":{"loc":{"start":{"line":40,"column":10},"end":{"line":57,"column":11}},"type":"if","locations":[{"start":{"line":40,"column":10},"end":{"line":57,"column":11}},{"start":{"line":52,"column":17},"end":{"line":57,"column":11}}]},"2":{"loc":{"start":{"line":42,"column":12},"end":{"line":50,"column":13}},"type":"if","locations":[{"start":{"line":42,"column":12},"end":{"line":50,"column":13}},{"start":{},"end":{}}]},"3":{"loc":{"start":{"line":42,"column":16},"end":{"line":42,"column":56}},"type":"binary-expr","locations":[{"start":{"line":42,"column":16},"end":{"line":42,"column":38}},{"start":{"line":42,"column":42},"end":{"line":42,"column":56}}]},"4":{"loc":{"start":{"line":45,"column":14},"end":{"line":49,"column":15}},"type":"if","locations":[{"start":{"line":45,"column":14},"end":{"line":49,"column":15}},{"start":{},"end":{}}]},"5":{"loc":{"start":{"line":45,"column":18},"end":{"line":47,"column":74}},"type":"binary-expr","locations":[{"start":{"line":45,"column":19},"end":{"line":45,"column":44}},{"start":{"line":45,"column":48},"end":{"line":45,"column":56}},{"start":{"line":46,"column":19},"end":{"line":46,"column":27}},{"start":{"line":46,"column":31},"end":{"line":46,"column":56}},{"start":{"line":47,"column":19},"end":{"line":47,"column":44}},{"start":{"line":47,"column":48},"end":{"line":47,"column":73}}]},"6":{"loc":{"start":{"line":54,"column":12},"end":{"line":56,"column":13}},"type":"if","locations":[{"start":{"line":54,"column":12},"end":{"line":56,"column":13}},{"start":{},"end":{}}]},"7":{"loc":{"start":{"line":68,"column":8},"end":{"line":68,"column":43}},"type":"if","locations":[{"start":{"line":68,"column":8},"end":{"line":68,"column":43}},{"start":{},"end":{}}]},"8":{"loc":{"start":{"line":68,"column":12},"end":{"line":68,"column":32}},"type":"binary-expr","locations":[{"start":{"line":68,"column":12},"end":{"line":68,"column":20}},{"start":{"line":68,"column":24},"end":{"line":68,"column":32}}]},"9":{"loc":{"start":{"line":72,"column":8},"end":{"line":76,"column":9}},"type":"if","locations":[{"start":{"line":72,"column":8},"end":{"line":76,"column":9}},{"start":{},"end":{}}]},"10":{"loc":{"start":{"line":72,"column":12},"end":{"line":72,"column":68}},"type":"binary-expr","locations":[{"start":{"line":72,"column":12},"end":{"line":72,"column":19}},{"start":{"line":72,"column":23},"end":{"line":72,"column":38}},{"start":{"line":72,"column":42},"end":{"line":72,"column":49}},{"start":{"line":72,"column":53},"end":{"line":72,"column":68}}]},"11":{"loc":{"start":{"line":73,"column":10},"end":{"line":75,"column":11}},"type":"if","locations":[{"start":{"line":73,"column":10},"end":{"line":75,"column":11}},{"start":{},"end":{}}]},"12":{"loc":{"start":{"line":84,"column":41},"end":{"line":84,"column":73}},"type":"binary-expr","locations":[{"start":{"line":84,"column":41},"end":{"line":84,"column":55}},{"start":{"line":84,"column":59},"end":{"line":84,"column":73}}]},"13":{"loc":{"start":{"line":86,"column":4},"end":{"line":89,"column":5}},"type":"if","locations":[{"start":{"line":86,"column":4},"end":{"line":89,"column":5}},{"start":{},"end":{}}]},"14":{"loc":{"start":{"line":98,"column":23},"end":{"line":98,"column":89}},"type":"cond-expr","locations":[{"start":{"line":98,"column":62},"end":{"line":98,"column":74}},{"start":{"line":98,"column":77},"end":{"line":98,"column":89}}]},"15":{"loc":{"start":{"line":110,"column":4},"end":{"line":113,"column":5}},"type":"if","locations":[{"start":{"line":110,"column":4},"end":{"line":113,"column":5}},{"start":{},"end":{}}]},"16":{"loc":{"start":{"line":112,"column":13},"end":{"line":112,"column":79}},"type":"cond-expr","locations":[{"start":{"line":112,"column":52},"end":{"line":112,"column":64}},{"start":{"line":112,"column":67},"end":{"line":112,"column":79}}]}},"s":{"0":3,"1":3,"2":3,"3":37,"4":47,"5":376,"6":47,"7":10,"8":11,"9":800,"10":800,"11":800,"12":800,"13":6400,"14":6400,"15":51200,"16":49413,"17":49046,"18":17388,"19":17388,"20":17388,"21":828,"22":48218,"23":367,"24":59,"25":800,"26":367,"27":367,"28":1039,"29":1039,"30":3056,"31":336,"32":2720,"33":2720,"34":2720,"35":2168,"36":59,"37":308,"38":20,"39":20,"40":459,"41":20,"42":18,"43":18,"44":2,"45":960,"46":7680,"47":960,"48":960,"49":960,"50":383,"51":383,"52":4,"53":379,"54":3},"f":{"0":37,"1":47,"2":376,"3":10,"4":11,"5":800,"6":367,"7":20,"8":459,"9":960,"10":7680,"11":383},"b":{"0":[49413,1787],"1":[49046,367],"2":[17388,31658],"3":[49046,17452],"4":[828,16560],"5":[17388,2208,17112,1932,16836,1932],"6":[59,308],"7":[336,2720],"8":[3056,1016],"9":[2168,552],"10":[2720,2576,2432,2300],"11":[59,2109],"12":[459,71],"13":[18,2],"14":[406,554],"15":[4,379],"16":[1,3]}}
,"/app/src/interfaces/Player.ts": {"path":"/app/src/interfaces/Player.ts","statementMap":{"0":{"start":{"line":1,"column":0},"end":{"line":1,"column":null}},"1":{"start":{"line":2,"column":2},"end":{"line":2,"column":null}},"2":{"start":{"line":3,"column":2},"end":{"line":3,"column":null}},"3":{"start":{"line":4,"column":2},"end":{"line":4,"column":null}}},"fnMap":{"0":{"name":"(anonymous_0)","decl":{"start":{"line":1,"column":0},"end":{"line":1,"column":12}},"loc":{"start":{"line":1,"column":18},"end":{"line":5,"column":1}}}},"branchMap":{"0":{"loc":{"start":{"line":1,"column":12},"end":{"line":1,"column":null}},"type":"binary-expr","locations":[{"start":{"line":1,"column":12},"end":{"line":1,"column":18}},{"start":{"line":1,"column":18},"end":{"line":1,"column":null}}]}},"s":{"0":4,"1":4,"2":4,"3":4},"f":{"0":4},"b":{"0":[4,4]}}
,"/app/src/ui/UIManager.ts": {"path":"/app/src/ui/UIManager.ts","statementMap":{"0":{"start":{"line":14,"column":41},"end":{"line":14,"column":43}},"1":{"start":{"line":33,"column":4},"end":{"line":33,"column":69}},"2":{"start":{"line":34,"column":4},"end":{"line":34,"column":67}},"3":{"start":{"line":35,"column":4},"end":{"line":35,"column":70}},"4":{"start":{"line":36,"column":4},"end":{"line":36,"column":63}},"5":{"start":{"line":37,"column":4},"end":{"line":37,"column":64}},"6":{"start":{"line":39,"column":4},"end":{"line":41,"column":5}},"7":{"start":{"line":40,"column":6},"end":{"line":40,"column":62}},"8":{"start":{"line":43,"column":4},"end":{"line":43,"column":87}},"9":{"start":{"line":44,"column":4},"end":{"line":44,"column":89}},"10":{"start":{"line":45,"column":4},"end":{"line":45,"column":82}},"11":{"start":{"line":47,"column":4},"end":{"line":47,"column":88}},"12":{"start":{"line":48,"column":4},"end":{"line":48,"column":89}},"13":{"start":{"line":49,"column":4},"end":{"line":49,"column":101}},"14":{"start":{"line":50,"column":4},"end":{"line":50,"column":107}},"15":{"start":{"line":51,"column":4},"end":{"line":51,"column":106}},"16":{"start":{"line":52,"column":4},"end":{"line":52,"column":106}},"17":{"start":{"line":53,"column":4},"end":{"line":53,"column":100}},"18":{"start":{"line":54,"column":4},"end":{"line":54,"column":100}},"19":{"start":{"line":55,"column":4},"end":{"line":55,"column":91}},"20":{"start":{"line":57,"column":4},"end":{"line":57,"column":76}},"21":{"start":{"line":58,"column":4},"end":{"line":58,"column":72}},"22":{"start":{"line":59,"column":4},"end":{"line":59,"column":78}},"23":{"start":{"line":61,"column":4},"end":{"line":61,"column":22}},"24":{"start":{"line":65,"column":4},"end":{"line":65,"column":59}},"25":{"start":{"line":69,"column":4},"end":{"line":69,"column":60}},"26":{"start":{"line":73,"column":4},"end":{"line":77,"column":5}},"27":{"start":{"line":74,"column":6},"end":{"line":76,"column":9}},"28":{"start":{"line":75,"column":8},"end":{"line":75,"column":40}},"29":{"start":{"line":79,"column":4},"end":{"line":84,"column":5}},"30":{"start":{"line":81,"column":6},"end":{"line":83,"column":9}},"31":{"start":{"line":82,"column":8},"end":{"line":82,"column":34}},"32":{"start":{"line":89,"column":4},"end":{"line":95,"column":5}},"33":{"start":{"line":90,"column":6},"end":{"line":94,"column":7}},"34":{"start":{"line":91,"column":8},"end":{"line":91,"column":55}},"35":{"start":{"line":93,"column":8},"end":{"line":93,"column":52}},"36":{"start":{"line":102,"column":4},"end":{"line":104,"column":5}},"37":{"start":{"line":103,"column":6},"end":{"line":103,"column":62}},"38":{"start":{"line":108,"column":4},"end":{"line":108,"column":53}},"39":{"start":{"line":112,"column":4},"end":{"line":112,"column":64}},"40":{"start":{"line":116,"column":4},"end":{"line":116,"column":104}},"41":{"start":{"line":120,"column":4},"end":{"line":120,"column":69}},"42":{"start":{"line":124,"column":4},"end":{"line":124,"column":69}},"43":{"start":{"line":128,"column":4},"end":{"line":128,"column":113}},"44":{"start":{"line":135,"column":4},"end":{"line":143,"column":5}},"45":{"start":{"line":136,"column":17},"end":{"line":136,"column":45}},"46":{"start":{"line":137,"column":6},"end":{"line":137,"column":31}},"47":{"start":{"line":138,"column":6},"end":{"line":138,"column":39}},"48":{"start":{"line":140,"column":6},"end":{"line":142,"column":7}},"49":{"start":{"line":141,"column":8},"end":{"line":141,"column":79}},"50":{"start":{"line":150,"column":4},"end":{"line":150,"column":94}},"51":{"start":{"line":150,"column":32},"end":{"line":150,"column":94}},"52":{"start":{"line":151,"column":4},"end":{"line":151,"column":90}},"53":{"start":{"line":151,"column":30},"end":{"line":151,"column":90}},"54":{"start":{"line":152,"column":4},"end":{"line":152,"column":111}},"55":{"start":{"line":152,"column":33},"end":{"line":152,"column":111}},"56":{"start":{"line":1,"column":0},"end":{"line":1,"column":13}}},"fnMap":{"0":{"name":"(anonymous_0)","decl":{"start":{"line":32,"column":2},"end":{"line":32,"column":null}},"loc":{"start":{"line":32,"column":2},"end":{"line":62,"column":3}}},"1":{"name":"(anonymous_1)","decl":{"start":{"line":64,"column":9},"end":{"line":64,"column":22}},"loc":{"start":{"line":64,"column":43},"end":{"line":66,"column":3}}},"2":{"name":"(anonymous_2)","decl":{"start":{"line":68,"column":9},"end":{"line":68,"column":23}},"loc":{"start":{"line":68,"column":44},"end":{"line":70,"column":3}}},"3":{"name":"(anonymous_3)","decl":{"start":{"line":72,"column":10},"end":{"line":72,"column":20}},"loc":{"start":{"line":72,"column":20},"end":{"line":85,"column":3}}},"4":{"name":"(anonymous_4)","decl":{"start":{"line":74,"column":48},"end":{"line":74,"column":51}},"loc":{"start":{"line":74,"column":53},"end":{"line":76,"column":7}}},"5":{"name":"(anonymous_5)","decl":{"start":{"line":81,"column":51},"end":{"line":81,"column":54}},"loc":{"start":{"line":81,"column":56},"end":{"line":83,"column":7}}},"6":{"name":"(anonymous_6)","decl":{"start":{"line":87,"column":10},"end":{"line":87,"column":28}},"loc":{"start":{"line":87,"column":28},"end":{"line":96,"column":3}}},"7":{"name":"(anonymous_7)","decl":{"start":{"line":101,"column":9},"end":{"line":101,"column":22}},"loc":{"start":{"line":101,"column":22},"end":{"line":105,"column":3}}},"8":{"name":"(anonymous_8)","decl":{"start":{"line":107,"column":9},"end":{"line":107,"column":23}},"loc":{"start":{"line":107,"column":23},"end":{"line":109,"column":3}}},"9":{"name":"(anonymous_9)","decl":{"start":{"line":111,"column":9},"end":{"line":111,"column":25}},"loc":{"start":{"line":111,"column":25},"end":{"line":113,"column":3}}},"10":{"name":"(anonymous_10)","decl":{"start":{"line":115,"column":9},"end":{"line":115,"column":31}},"loc":{"start":{"line":115,"column":31},"end":{"line":117,"column":3}}},"11":{"name":"(anonymous_11)","decl":{"start":{"line":119,"column":9},"end":{"line":119,"column":31}},"loc":{"start":{"line":119,"column":31},"end":{"line":121,"column":3}}},"12":{"name":"(anonymous_12)","decl":{"start":{"line":123,"column":9},"end":{"line":123,"column":31}},"loc":{"start":{"line":123,"column":31},"end":{"line":125,"column":3}}},"13":{"name":"(anonymous_13)","decl":{"start":{"line":127,"column":9},"end":{"line":127,"column":28}},"loc":{"start":{"line":127,"column":28},"end":{"line":129,"column":3}}},"14":{"name":"(anonymous_14)","decl":{"start":{"line":134,"column":9},"end":{"line":134,"column":19}},"loc":{"start":{"line":134,"column":35},"end":{"line":144,"column":3}}},"15":{"name":"(anonymous_15)","decl":{"start":{"line":149,"column":9},"end":{"line":149,"column":20}},"loc":{"start":{"line":149,"column":89},"end":{"line":153,"column":3}}}},"branchMap":{"0":{"loc":{"start":{"line":39,"column":4},"end":{"line":41,"column":5}},"type":"if","locations":[{"start":{"line":39,"column":4},"end":{"line":41,"column":5}},{"start":{},"end":{}}]},"1":{"loc":{"start":{"line":73,"column":4},"end":{"line":77,"column":5}},"type":"if","locations":[{"start":{"line":73,"column":4},"end":{"line":77,"column":5}},{"start":{},"end":{}}]},"2":{"loc":{"start":{"line":73,"column":8},"end":{"line":73,"column":45}},"type":"binary-expr","locations":[{"start":{"line":73,"column":8},"end":{"line":73,"column":23}},{"start":{"line":73,"column":27},"end":{"line":73,"column":45}}]},"3":{"loc":{"start":{"line":79,"column":4},"end":{"line":84,"column":5}},"type":"if","locations":[{"start":{"line":79,"column":4},"end":{"line":84,"column":5}},{"start":{},"end":{}}]},"4":{"loc":{"start":{"line":89,"column":4},"end":{"line":95,"column":5}},"type":"if","locations":[{"start":{"line":89,"column":4},"end":{"line":95,"column":5}},{"start":{},"end":{}}]},"5":{"loc":{"start":{"line":89,"column":8},"end":{"line":89,"column":55}},"type":"binary-expr","locations":[{"start":{"line":89,"column":8},"end":{"line":89,"column":32}},{"start":{"line":89,"column":36},"end":{"line":89,"column":55}}]},"6":{"loc":{"start":{"line":90,"column":6},"end":{"line":94,"column":7}},"type":"if","locations":[{"start":{"line":90,"column":6},"end":{"line":94,"column":7}},{"start":{"line":92,"column":13},"end":{"line":94,"column":7}}]},"7":{"loc":{"start":{"line":102,"column":4},"end":{"line":104,"column":5}},"type":"if","locations":[{"start":{"line":102,"column":4},"end":{"line":104,"column":5}},{"start":{},"end":{}}]},"8":{"loc":{"start":{"line":108,"column":11},"end":{"line":108,"column":52}},"type":"binary-expr","locations":[{"start":{"line":108,"column":11},"end":{"line":108,"column":44}},{"start":{"line":108,"column":48},"end":{"line":108,"column":52}}]},"9":{"loc":{"start":{"line":112,"column":20},"end":{"line":112,"column":58}},"type":"binary-expr","locations":[{"start":{"line":112,"column":20},"end":{"line":112,"column":48}},{"start":{"line":112,"column":52},"end":{"line":112,"column":58}}]},"10":{"loc":{"start":{"line":116,"column":12},"end":{"line":116,"column":103}},"type":"binary-expr","locations":[{"start":{"line":116,"column":12},"end":{"line":116,"column":91}},{"start":{"line":116,"column":95},"end":{"line":116,"column":103}}]},"11":{"loc":{"start":{"line":120,"column":20},"end":{"line":120,"column":63}},"type":"binary-expr","locations":[{"start":{"line":120,"column":20},"end":{"line":120,"column":56}},{"start":{"line":120,"column":60},"end":{"line":120,"column":63}}]},"12":{"loc":{"start":{"line":124,"column":20},"end":{"line":124,"column":63}},"type":"binary-expr","locations":[{"start":{"line":124,"column":20},"end":{"line":124,"column":56}},{"start":{"line":124,"column":60},"end":{"line":124,"column":63}}]},"13":{"loc":{"start":{"line":128,"column":12},"end":{"line":128,"column":112}},"type":"binary-expr","locations":[{"start":{"line":128,"column":12},"end":{"line":128,"column":100}},{"start":{"line":128,"column":104},"end":{"line":128,"column":112}}]},"14":{"loc":{"start":{"line":135,"column":4},"end":{"line":143,"column":5}},"type":"if","locations":[{"start":{"line":135,"column":4},"end":{"line":143,"column":5}},{"start":{},"end":{}}]},"15":{"loc":{"start":{"line":140,"column":6},"end":{"line":142,"column":7}},"type":"if","locations":[{"start":{"line":140,"column":6},"end":{"line":142,"column":7}},{"start":{},"end":{}}]},"16":{"loc":{"start":{"line":150,"column":4},"end":{"line":150,"column":94}},"type":"if","locations":[{"start":{"line":150,"column":4},"end":{"line":150,"column":94}},{"start":{},"end":{}}]},"17":{"loc":{"start":{"line":151,"column":4},"end":{"line":151,"column":90}},"type":"if","locations":[{"start":{"line":151,"column":4},"end":{"line":151,"column":90}},{"start":{},"end":{}}]},"18":{"loc":{"start":{"line":152,"column":4},"end":{"line":152,"column":111}},"type":"if","locations":[{"start":{"line":152,"column":4},"end":{"line":152,"column":111}},{"start":{},"end":{}}]}},"s":{"0":13,"1":13,"2":13,"3":13,"4":13,"5":13,"6":13,"7":13,"8":13,"9":13,"10":13,"11":13,"12":13,"13":13,"14":13,"15":13,"16":13,"17":13,"18":13,"19":13,"20":13,"21":13,"22":13,"23":13,"24":1,"25":1,"26":13,"27":13,"28":1,"29":13,"30":13,"31":2,"32":2,"33":2,"34":1,"35":1,"36":1,"37":1,"38":2,"39":2,"40":2,"41":2,"42":2,"43":2,"44":3,"45":3,"46":3,"47":3,"48":3,"49":3,"50":1,"51":1,"52":1,"53":1,"54":1,"55":1,"56":1},"f":{"0":13,"1":1,"2":1,"3":13,"4":1,"5":2,"6":2,"7":1,"8":2,"9":2,"10":2,"11":2,"12":2,"13":2,"14":3,"15":1},"b":{"0":[13,0],"1":[13,0],"2":[13,13],"3":[13,0],"4":[2,0],"5":[2,2],"6":[1,1],"7":[1,0],"8":[2,0],"9":[2,1],"10":[2,1],"11":[2,1],"12":[2,1],"13":[2,1],"14":[3,0],"15":[3,0],"16":[1,0],"17":[1,0],"18":[1,0]}}
}
