TN:
SF:src/components/AiPlayer.ts
FN:14,(anonymous_0)
FN:17,(anonymous_1)
FN:20,(anonymous_2)
FN:23,(anonymous_3)
FN:32,(anonymous_4)
FN:35,(anonymous_5)
FN:38,(anonymous_6)
FN:41,(anonymous_7)
FN:44,(anonymous_8)
FN:65,(anonymous_9)
FN:89,(anonymous_10)
FN:158,(anonymous_11)
FN:162,(anonymous_12)
FN:166,(anonymous_13)
FN:170,(anonymous_14)
FN:174,(anonymous_15)
FN:178,(anonymous_16)
FN:182,(anonymous_17)
FN:198,(anonymous_18)
FN:289,(anonymous_19)
FN:296,(anonymous_20)
FN:313,(anonymous_21)
FN:339,(anonymous_22)
FN:360,(anonymous_23)
FN:371,(anonymous_24)
FN:394,(anonymous_25)
FN:395,(anonymous_26)
FN:406,(anonymous_27)
FN:415,(anonymous_28)
FN:466,(anonymous_29)
FNF:30
FNH:26
FNDA:52,(anonymous_0)
FNDA:845730,(anonymous_1)
FNDA:97422,(anonymous_2)
FNDA:1882,(anonymous_3)
FNDA:52,(anonymous_4)
FNDA:97422,(anonymous_5)
FNDA:97422,(anonymous_6)
FNDA:99304,(anonymous_7)
FNDA:1882,(anonymous_8)
FNDA:941,(anonymous_9)
FNDA:1882,(anonymous_10)
FNDA:27,(anonymous_11)
FNDA:6,(anonymous_12)
FNDA:5,(anonymous_13)
FNDA:0,(anonymous_14)
FNDA:0,(anonymous_15)
FNDA:0,(anonymous_16)
FNDA:380,(anonymous_17)
FNDA:1916,(anonymous_18)
FNDA:23302,(anonymous_19)
FNDA:3,(anonymous_20)
FNDA:382,(anonymous_21)
FNDA:377,(anonymous_22)
FNDA:377,(anonymous_23)
FNDA:232,(anonymous_24)
FNDA:6,(anonymous_25)
FNDA:6,(anonymous_26)
FNDA:320,(anonymous_27)
FNDA:7,(anonymous_28)
FNDA:0,(anonymous_29)
DA:5,1
DA:8,1
DA:10,1
DA:15,52
DA:18,845730
DA:21,97422
DA:24,1882
DA:30,52
DA:31,52
DA:33,52
DA:36,97422
DA:39,97422
DA:42,99304
DA:45,1882
DA:46,1882
DA:50,1
DA:51,26
DA:52,26
DA:53,26
DA:54,26
DA:55,26
DA:56,26
DA:57,26
DA:58,26
DA:59,26
DA:60,26
DA:61,26
DA:62,26
DA:63,26
DA:66,941
DA:69,941
DA:70,941
DA:71,941
DA:72,941
DA:75,941
DA:76,7528
DA:77,60224
DA:78,60224
DA:79,949
DA:80,949
DA:81,59275
DA:82,610
DA:83,610
DA:89,941
DA:90,1882
DA:91,97422
DA:92,97422
DA:93,97422
DA:94,97422
DA:96,97422
DA:97,292266
DA:98,876798
DA:99,779376
DA:100,779376
DA:102,779376
DA:104,639124
DA:106,630978
DA:107,95863
DA:108,95863
DA:117,941
DA:118,941
DA:120,941
DA:121,941
DA:123,941
DA:124,7528
DA:125,60224
DA:126,58665
DA:127,58665
DA:130,58665
DA:131,58665
DA:132,64
DA:133,58601
DA:134,8
DA:135,58593
DA:136,21331
DA:138,37262
DA:141,58665
DA:143,58665
DA:144,40067
DA:145,40067
DA:151,941
DA:152,35
DA:155,906
DA:159,27
DA:163,6
DA:167,5
DA:171,0
DA:175,0
DA:179,0
DA:183,380
DA:184,0
DA:187,380
DA:189,11
DA:190,588
DA:191,588
DA:192,588
DA:193,588
DA:198,11
DA:199,1916
DA:200,1916
DA:201,1916
DA:204,11
DA:205,6
DA:206,6
DA:207,6
DA:208,6
DA:209,6
DA:210,176
DA:211,176
DA:212,142
DA:213,6
DA:215,142
DA:216,34
DA:217,3
DA:221,6
DA:222,6
DA:224,6
DA:226,3
DA:228,3
DA:229,135
DA:230,135
DA:234,3
DA:243,6
DA:246,11
DA:249,380
DA:251,380
DA:252,311
DA:253,69
DA:254,69
DA:255,69
DA:257,69
DA:258,2027
DA:259,2022
DA:262,5
DA:267,69
DA:270,380
DA:271,380
DA:272,380
DA:275,380
DA:276,380
DA:277,0
DA:280,380
DA:282,380
DA:289,23302
DA:292,380
DA:293,380
DA:297,3
DA:298,3
DA:299,3
DA:301,3
DA:303,3
DA:304,3
DA:305,1
DA:308,0
DA:309,0
DA:314,382
DA:316,381
DA:317,381
DA:318,3
DA:319,2
DA:320,1
DA:324,378
DA:326,378
DA:327,377
DA:330,1
DA:331,1
DA:335,1
DA:340,377
DA:341,377
DA:342,986
DA:347,986
DA:349,986
DA:350,377
DA:353,609
DA:356,986
DA:361,377
DA:364,377
DA:365,232
DA:368,377
DA:372,232
DA:373,232
DA:374,232
DA:376,232
DA:377,14740
DA:378,0
DA:381,14740
DA:382,14740
DA:383,14740
DA:385,14740
DA:386,1256
DA:387,1256
DA:391,232
DA:395,6
DA:396,6
DA:397,6
DA:399,6
DA:406,320
DA:409,6
DA:410,1
DA:411,1
DA:415,5
DA:416,7
DA:418,7
DA:420,377
DA:423,377
DA:426,377
DA:429,377
DA:431,377
DA:434,7
DA:436,5
DA:437,5
DA:438,145
DA:439,2
DA:443,5
DA:449,5
DA:450,4
DA:453,1
DA:454,1
DA:458,2
DA:462,5
DA:467,0
LF:221
LH:212
BRDA:66,0,0,622
BRDA:66,0,1,319
BRDA:78,1,0,949
BRDA:78,1,1,59275
BRDA:81,2,0,610
BRDA:81,2,1,58665
BRDA:98,3,0,97422
BRDA:98,3,1,779376
BRDA:98,4,0,876798
BRDA:98,4,1,292266
BRDA:102,5,0,639124
BRDA:102,5,1,140252
BRDA:102,6,0,779376
BRDA:102,6,1,742875
BRDA:102,6,2,706200
BRDA:102,6,3,672574
BRDA:104,7,0,630978
BRDA:104,7,1,8146
BRDA:106,8,0,95863
BRDA:106,8,1,535115
BRDA:125,9,0,58665
BRDA:125,9,1,1559
BRDA:131,10,0,64
BRDA:131,10,1,58601
BRDA:131,11,0,58665
BRDA:131,11,1,72
BRDA:133,12,0,8
BRDA:133,12,1,58593
BRDA:135,13,0,21331
BRDA:135,13,1,37262
BRDA:143,14,0,40067
BRDA:143,14,1,18598
BRDA:151,15,0,35
BRDA:151,15,1,906
BRDA:183,16,0,0
BRDA:183,16,1,380
BRDA:187,17,0,11
BRDA:187,17,1,369
BRDA:187,18,0,380
BRDA:187,18,1,90
BRDA:191,19,0,588
BRDA:191,19,1,0
BRDA:191,20,0,588
BRDA:191,20,1,588
BRDA:199,21,0,1916
BRDA:199,21,1,0
BRDA:200,22,0,1916
BRDA:200,22,1,0
BRDA:204,23,0,6
BRDA:204,23,1,5
BRDA:204,24,0,11
BRDA:204,24,1,6
BRDA:206,25,0,6
BRDA:206,25,1,0
BRDA:211,26,0,142
BRDA:211,26,1,34
BRDA:212,27,0,6
BRDA:212,27,1,136
BRDA:216,28,0,3
BRDA:216,28,1,31
BRDA:216,29,0,34
BRDA:216,29,1,34
BRDA:224,30,0,3
BRDA:224,30,1,3
BRDA:251,31,0,311
BRDA:251,31,1,69
BRDA:251,32,0,380
BRDA:251,32,1,90
BRDA:253,33,0,69
BRDA:253,33,1,0
BRDA:255,34,0,69
BRDA:255,34,1,0
BRDA:258,35,0,2022
BRDA:258,35,1,5
BRDA:271,36,0,380
BRDA:271,36,1,0
BRDA:275,37,0,380
BRDA:275,37,1,0
BRDA:276,38,0,0
BRDA:276,38,1,380
BRDA:301,39,0,3
BRDA:301,39,1,0
BRDA:303,40,0,0
BRDA:303,40,1,3
BRDA:304,41,0,2
BRDA:304,41,1,1
BRDA:314,42,0,381
BRDA:314,42,1,1
BRDA:314,43,0,382
BRDA:314,43,1,2
BRDA:317,44,0,3
BRDA:317,44,1,378
BRDA:318,45,0,1
BRDA:318,45,1,2
BRDA:319,46,0,1
BRDA:319,46,1,1
BRDA:326,47,0,377
BRDA:326,47,1,1
BRDA:347,48,0,607
BRDA:347,48,1,379
BRDA:349,49,0,377
BRDA:349,49,1,609
BRDA:364,50,0,609
BRDA:364,50,1,232
BRDA:377,51,0,0
BRDA:377,51,1,14740
BRDA:385,52,0,1256
BRDA:385,52,1,13484
BRDA:409,53,0,1
BRDA:409,53,1,5
BRDA:418,54,0,384
BRDA:418,54,1,379
BRDA:434,55,0,5
BRDA:434,55,1,2
BRDA:438,56,0,2
BRDA:438,56,1,143
BRDA:446,57,0,4
BRDA:446,57,1,1
BRDA:449,58,0,4
BRDA:449,58,1,1
BRDA:449,59,0,5
BRDA:449,59,1,4
BRDA:453,60,0,1
BRDA:453,60,1,0
BRF:124
BRH:110
end_of_record
TN:
SF:src/components/Display.ts
FN:14,(anonymous_0)
FN:20,(anonymous_1)
FN:35,(anonymous_2)
FN:50,(anonymous_3)
FN:74,(anonymous_4)
FN:81,(anonymous_5)
FN:107,(anonymous_6)
FNF:7
FNH:7
FNDA:5,(anonymous_0)
FNDA:5,(anonymous_1)
FNDA:1,(anonymous_2)
FNDA:1,(anonymous_3)
FNDA:2,(anonymous_4)
FNDA:1,(anonymous_5)
FNDA:1,(anonymous_6)
DA:4,1
DA:6,1
DA:8,1
DA:15,5
DA:16,5
DA:17,5
DA:21,5
DA:22,5
DA:23,40
DA:24,320
DA:25,320
DA:26,320
DA:27,320
DA:28,320
DA:32,5
DA:36,1
DA:38,1
DA:39,1
DA:41,1
DA:42,1
DA:43,1
DA:44,1
DA:45,1
DA:51,1
DA:52,1
DA:53,64
DA:54,64
DA:55,64
DA:57,64
DA:59,64
DA:60,64
DA:61,2
DA:62,2
DA:63,2
DA:65,2
DA:66,1
DA:69,2
DA:75,2
DA:76,1
DA:78,2
DA:82,1
DA:83,1
DA:84,1
DA:87,1
DA:88,1
DA:90,1
DA:91,1
DA:93,1
DA:94,1
DA:95,1
DA:97,1
DA:98,1
DA:100,1
DA:101,1
DA:103,0
DA:108,1
LF:56
LH:55
BRDA:36,0,0,0
BRDA:36,0,1,1
BRDA:41,1,0,1
BRDA:41,1,1,0
BRDA:44,2,0,1
BRDA:44,2,1,0
BRDA:44,3,0,1
BRDA:44,3,1,1
BRDA:60,4,0,2
BRDA:60,4,1,62
BRDA:63,5,0,1
BRDA:63,5,1,1
BRDA:65,6,0,1
BRDA:65,6,1,1
BRDA:65,7,0,2
BRDA:65,7,1,2
BRDA:65,7,2,1
BRDA:75,8,0,1
BRDA:75,8,1,1
BRDA:83,9,0,1
BRDA:83,9,1,0
BRDA:84,10,0,1
BRDA:84,10,1,0
BRF:23
BRH:18
end_of_record
TN:
SF:src/components/GameController.ts
FN:19,(anonymous_0)
FN:28,(anonymous_1)
FN:59,(anonymous_2)
FN:98,(anonymous_3)
FN:127,(anonymous_4)
FN:131,(anonymous_5)
FNF:6
FNH:6
FNDA:16,(anonymous_0)
FNDA:15,(anonymous_1)
FNDA:7,(anonymous_2)
FNDA:7,(anonymous_3)
FNDA:1,(anonymous_4)
FNDA:2,(anonymous_5)
DA:8,1
DA:10,1
DA:15,16
DA:16,16
DA:17,16
DA:20,16
DA:21,16
DA:22,16
DA:23,16
DA:25,16
DA:29,15
DA:30,2
DA:31,2
DA:32,1
DA:36,14
DA:37,14
DA:38,14
DA:39,14
DA:40,14
DA:42,14
DA:43,14
DA:44,14
DA:45,14
DA:46,14
DA:47,14
DA:49,14
DA:51,14
DA:52,14
DA:54,14
DA:55,2
DA:60,7
DA:62,6
DA:63,1
DA:64,1
DA:67,5
DA:68,5
DA:70,1
DA:73,4
DA:75,4
DA:76,2
DA:78,2
DA:79,1
DA:82,2
DA:83,2
DA:86,2
DA:87,2
DA:88,2
DA:90,2
DA:91,2
DA:92,1
DA:94,1
DA:99,7
DA:101,6
DA:102,6
DA:104,6
DA:105,6
DA:107,6
DA:109,6
DA:110,6
DA:111,6
DA:114,6
DA:115,6
DA:116,5
DA:119,6
DA:121,6
DA:122,6
DA:123,1
DA:128,1
DA:132,2
DA:133,2
DA:134,2
DA:135,2
LF:72
LH:72
BRDA:29,0,0,2
BRDA:29,0,1,13
BRDA:31,1,0,1
BRDA:31,1,1,1
BRDA:47,2,0,12
BRDA:47,2,1,2
BRDA:54,3,0,2
BRDA:54,3,1,12
BRDA:60,4,0,1
BRDA:60,4,1,6
BRDA:62,5,0,1
BRDA:62,5,1,5
BRDA:68,6,0,1
BRDA:68,6,1,4
BRDA:75,7,0,2
BRDA:75,7,1,2
BRDA:78,8,0,1
BRDA:78,8,1,1
BRDA:91,9,0,1
BRDA:91,9,1,1
BRDA:99,10,0,1
BRDA:99,10,1,6
BRDA:115,11,0,5
BRDA:115,11,1,1
BRDA:122,12,0,1
BRDA:122,12,1,5
BRDA:133,13,0,1
BRDA:133,13,1,1
BRF:28
BRH:28
end_of_record
TN:
SF:src/components/GameEngine.ts
FN:12,(anonymous_0)
FN:16,(anonymous_1)
FN:17,(anonymous_2)
FN:25,(anonymous_3)
FN:29,(anonymous_4)
FN:33,(anonymous_5)
FN:65,(anonymous_6)
FN:82,(anonymous_7)
FN:84,(anonymous_8)
FN:94,(anonymous_9)
FN:95,(anonymous_10)
FN:108,(anonymous_11)
FNF:12
FNH:12
FNDA:37,(anonymous_0)
FNDA:47,(anonymous_1)
FNDA:376,(anonymous_2)
FNDA:10,(anonymous_3)
FNDA:11,(anonymous_4)
FNDA:800,(anonymous_5)
FNDA:367,(anonymous_6)
FNDA:20,(anonymous_7)
FNDA:459,(anonymous_8)
FNDA:960,(anonymous_9)
FNDA:7680,(anonymous_10)
FNDA:383,(anonymous_11)
DA:4,3
DA:6,3
DA:7,3
DA:9,3
DA:13,37
DA:17,376
DA:18,47
DA:26,10
DA:30,11
DA:34,800
DA:35,800
DA:37,800
DA:38,6400
DA:39,51200
DA:40,49413
DA:42,49046
DA:43,17388
DA:44,17388
DA:45,17388
DA:48,828
DA:51,48218
DA:54,367
DA:55,59
DA:62,800
DA:66,367
DA:67,1039
DA:68,3056
DA:69,2720
DA:70,2720
DA:72,2720
DA:73,2168
DA:74,59
DA:79,308
DA:83,20
DA:84,459
DA:86,20
DA:87,18
DA:88,18
DA:91,2
DA:95,7680
DA:96,960
DA:98,960
DA:100,960
DA:109,383
DA:110,383
DA:112,4
DA:114,379
LF:47
LH:47
BRDA:39,0,0,49413
BRDA:39,0,1,1787
BRDA:40,1,0,49046
BRDA:40,1,1,367
BRDA:42,2,0,17388
BRDA:42,2,1,31658
BRDA:42,3,0,49046
BRDA:42,3,1,17452
BRDA:45,4,0,828
BRDA:45,4,1,16560
BRDA:45,5,0,17388
BRDA:45,5,1,2208
BRDA:45,5,2,17112
BRDA:45,5,3,1932
BRDA:45,5,4,16836
BRDA:45,5,5,1932
BRDA:54,6,0,59
BRDA:54,6,1,308
BRDA:68,7,0,336
BRDA:68,7,1,2720
BRDA:68,8,0,3056
BRDA:68,8,1,1016
BRDA:72,9,0,2168
BRDA:72,9,1,552
BRDA:72,10,0,2720
BRDA:72,10,1,2576
BRDA:72,10,2,2432
BRDA:72,10,3,2300
BRDA:73,11,0,59
BRDA:73,11,1,2109
BRDA:84,12,0,459
BRDA:84,12,1,71
BRDA:86,13,0,18
BRDA:86,13,1,2
BRDA:98,14,0,406
BRDA:98,14,1,554
BRDA:110,15,0,4
BRDA:110,15,1,379
BRDA:112,16,0,1
BRDA:112,16,1,3
BRF:40
BRH:40
end_of_record
TN:
SF:src/interfaces/Player.ts
FN:1,(anonymous_0)
FNF:1
FNH:1
FNDA:4,(anonymous_0)
DA:1,4
DA:2,4
DA:3,4
DA:4,4
LF:4
LH:4
BRDA:1,0,0,4
BRDA:1,0,1,4
BRF:2
BRH:2
end_of_record
TN:
SF:src/ui/UIManager.ts
FN:32,(anonymous_0)
FN:64,(anonymous_1)
FN:68,(anonymous_2)
FN:72,(anonymous_3)
FN:74,(anonymous_4)
FN:81,(anonymous_5)
FN:87,(anonymous_6)
FN:101,(anonymous_7)
FN:107,(anonymous_8)
FN:111,(anonymous_9)
FN:115,(anonymous_10)
FN:119,(anonymous_11)
FN:123,(anonymous_12)
FN:127,(anonymous_13)
FN:134,(anonymous_14)
FN:149,(anonymous_15)
FNF:16
FNH:16
FNDA:13,(anonymous_0)
FNDA:1,(anonymous_1)
FNDA:1,(anonymous_2)
FNDA:13,(anonymous_3)
FNDA:1,(anonymous_4)
FNDA:2,(anonymous_5)
FNDA:2,(anonymous_6)
FNDA:1,(anonymous_7)
FNDA:2,(anonymous_8)
FNDA:2,(anonymous_9)
FNDA:2,(anonymous_10)
FNDA:2,(anonymous_11)
FNDA:2,(anonymous_12)
FNDA:2,(anonymous_13)
FNDA:3,(anonymous_14)
FNDA:1,(anonymous_15)
DA:1,1
DA:14,13
DA:33,13
DA:34,13
DA:35,13
DA:36,13
DA:37,13
DA:39,13
DA:40,13
DA:43,13
DA:44,13
DA:45,13
DA:47,13
DA:48,13
DA:49,13
DA:50,13
DA:51,13
DA:52,13
DA:53,13
DA:54,13
DA:55,13
DA:57,13
DA:58,13
DA:59,13
DA:61,13
DA:65,1
DA:69,1
DA:73,13
DA:74,13
DA:75,1
DA:79,13
DA:81,13
DA:82,2
DA:89,2
DA:90,2
DA:91,1
DA:93,1
DA:102,1
DA:103,1
DA:108,2
DA:112,2
DA:116,2
DA:120,2
DA:124,2
DA:128,2
DA:135,3
DA:136,3
DA:137,3
DA:138,3
DA:140,3
DA:141,3
DA:150,1
DA:151,1
DA:152,1
LF:54
LH:54
BRDA:39,0,0,13
BRDA:39,0,1,0
BRDA:73,1,0,13
BRDA:73,1,1,0
BRDA:73,2,0,13
BRDA:73,2,1,13
BRDA:79,3,0,13
BRDA:79,3,1,0
BRDA:89,4,0,2
BRDA:89,4,1,0
BRDA:89,5,0,2
BRDA:89,5,1,2
BRDA:90,6,0,1
BRDA:90,6,1,1
BRDA:102,7,0,1
BRDA:102,7,1,0
BRDA:108,8,0,2
BRDA:108,8,1,0
BRDA:112,9,0,2
BRDA:112,9,1,1
BRDA:116,10,0,2
BRDA:116,10,1,1
BRDA:120,11,0,2
BRDA:120,11,1,1
BRDA:124,12,0,2
BRDA:124,12,1,1
BRDA:128,13,0,2
BRDA:128,13,1,1
BRDA:135,14,0,3
BRDA:135,14,1,0
BRDA:140,15,0,3
BRDA:140,15,1,0
BRDA:150,16,0,1
BRDA:150,16,1,0
BRDA:151,17,0,1
BRDA:151,17,1,0
BRDA:152,18,0,1
BRDA:152,18,1,0
BRF:38
BRH:27
end_of_record
